#
# A fatal error has been detected by the Java Runtime Environment:
#
#  EXCEPTION_ACCESS_VIOLATION (0xc0000005) at pc=0x00007ff85cbf7a40, pid=17624, tid=22232
#
# JRE version: OpenJDK Runtime Environment (11.0.10) (build 11.0.10+0-b96-7249189)
# Java VM: OpenJDK 64-Bit Server VM (11.0.10+0-b96-7249189, mixed mode, tiered, compressed oops, g1 gc, windows-amd64)
# Problematic frame:
# V  [jvm.dll+0x167a40]
#
# No core dump will be written. Minidumps are not enabled by default on client versions of Windows
#
# If you would like to submit a bug report, please visit:
#   https://bugreport.java.com/bugreport/crash.jsp
#

---------------  S U M M A R Y ------------

Command Line: --add-opens=java.base/java.util=ALL-UNNAMED --add-opens=java.base/java.lang=ALL-UNNAMED --add-opens=java.base/java.lang.invoke=ALL-UNNAMED --add-opens=java.base/java.util=ALL-UNNAMED --add-opens=java.prefs/java.util.prefs=ALL-UNNAMED --add-opens=java.prefs/java.util.prefs=ALL-UNNAMED --add-opens=java.base/java.nio.charset=ALL-UNNAMED --add-opens=java.base/java.net=ALL-UNNAMED --add-opens=java.base/java.util.concurrent.atomic=ALL-UNNAMED -Xmx2048m -Dfile.encoding=UTF-8 -Duser.country=US -Duser.language=en -Duser.variant org.gradle.launcher.daemon.bootstrap.GradleDaemon 7.0.2

Host: AMD Ryzen 7 1700 Eight-Core Processor          , 16 cores, 15G,  Windows 10 , 64 bit Build 19041 (10.0.19041.1348)
Time: Mon Dec 13 20:15:22 2021 GTB Standard Time elapsed time: 6.128407 seconds (0d 0h 0m 6s)

---------------  T H R E A D  ---------------

Current thread (0x000001e674358800):  JavaThread "C1 CompilerThread0" daemon [_thread_in_native, id=22232, stack(0x0000007aff600000,0x0000007aff700000)]


Current CompileTask:
C1:   6128 4507       1       org.gradle.cache.internal.btree.BlockPointer::getPos (5 bytes)

Stack: [0x0000007aff600000,0x0000007aff700000],  sp=0x0000007aff6feaf8,  free space=1018k
Native frames: (J=compiled Java code, j=interpreted, Vv=VM code, C=native code)
V  [jvm.dll+0x167a40]
V  [jvm.dll+0x167b9d]
V  [jvm.dll+0x166a82]
V  [jvm.dll+0x166cdc]
V  [jvm.dll+0x16964a]
V  [jvm.dll+0x12376c]
V  [jvm.dll+0x123279]
V  [jvm.dll+0x1233e3]
V  [jvm.dll+0x1226f7]
V  [jvm.dll+0x1242c7]
V  [jvm.dll+0x208ee7]
V  [jvm.dll+0x207731]
V  [jvm.dll+0x6eb1cf]
V  [jvm.dll+0x6e3d45]
V  [jvm.dll+0x5ebe96]
C  [ucrtbase.dll+0x21bb2]
C  [KERNEL32.DLL+0x17034]
C  [ntdll.dll+0x52651]


siginfo: EXCEPTION_ACCESS_VIOLATION (0xc0000005), reading address 0xffffffffffffffff


Register to memory mapping:

RIP=0x00007ff85cbf7a40 jvm.dll
RAX=0x000000000001001b is an unknown value
RBX=0x0000000000000004 is an unknown value
RCX=0x00007ff85cbf7a31 jvm.dll
RDX=0x00007ff85ca90000 jvm.dll
RSP=0x0000007aff6feaf8 is pointing into the stack for thread: 0x000001e674358800
RBP=0x000001e67c8d10a0 points into unknown readable memory: 0x0000007aff6ff200 | 00 f2 6f ff 7a 00 00 00
RSI=0x00000000008e501b is an unknown value
RDI=0x000001e67ca6b310 points into unknown readable memory: 0x0000000c00000239 | 39 02 00 00 0c 00 00 00
R8 =0x0000000000010000 is an unknown value
R9 =0x0000000000000002 is an unknown value
R10=0x000001e67ca6b310 points into unknown readable memory: 0x0000000c00000239 | 39 02 00 00 0c 00 00 00
R11=0x000001e67ca6b310 points into unknown readable memory: 0x0000000c00000239 | 39 02 00 00 0c 00 00 00
R12=0x000001e6739dcaf0 points into unknown readable memory: 0x0000000000000000 | 00 00 00 00 00 00 00 00
R13=
[error occurred during error reporting (printing register info), id 0xc0000005, EXCEPTION_ACCESS_VIOLATION (0xc0000005) at pc=0x00007ff85cd69dc7]

Registers:
RAX=0x000000000001001b, RBX=0x0000000000000004, RCX=0x00007ff85cbf7a31, RDX=0x00007ff85ca90000
RSP=0x0000007aff6feaf8, RBP=0x000001e67c8d10a0, RSI=0x00000000008e501b, RDI=0x000001e67ca6b310
R8 =0x0000000000010000, R9 =0x0000000000000002, R10=0x000001e67ca6b310, R11=0x000001e67ca6b310
R12=0x000001e6739dcaf0, R13=0x00000000ffffffff, R14=0x0000000000000000, R15=0x000001e674358800
RIP=0x00007ff85cbf7a40, EFLAGS=0x0000000000010202

Top of Stack: (sp=0x0000007aff6feaf8)
0x0000007aff6feaf8:   00007ff85cbf7b9d 0000007aff6febc0
0x0000007aff6feb08:   000001e67ca6b800 000001e67ca6b830
0x0000007aff6feb18:   000001e67ca6b860 0000000000000001
0x0000007aff6feb28:   00007ff85cbf6a82 0000007aff6fed18
0x0000007aff6feb38:   0000000000000002 0000000000000003
0x0000007aff6feb48:   0000000000000000 000001e67ca6b9b0
0x0000007aff6feb58:   000001e67ca6b9e0 000001e67ca6ba00
0x0000007aff6feb68:   0000000000000004 000001e67c8ced60
0x0000007aff6feb78:   000001e600000004 0000007aff6febd0
0x0000007aff6feb88:   0000007aff6fed18 000001e67c8d10a0
0x0000007aff6feb98:   000001e67c8cee40 0000000000000002
0x0000007aff6feba8:   000001e67ca6c420 0000000000000010
0x0000007aff6febb8:   0000007aff6fec78 000001e67c8cee40
0x0000007aff6febc8:   0000000000000001 000001e600000001
0x0000007aff6febd8:   000001e67c8cee70 0000000000000001
0x0000007aff6febe8:   000001e67c8d10a0 0000000000000000 

Instructions: (pc=0x00007ff85cbf7a40)
0x00007ff85cbf7940:   48 8b 19 48 83 7b 18 ef 76 14 4c 8d 05 df 69 67
0x00007ff85cbf7950:   00 ba 10 00 00 00 48 8b cb e8 92 54 f5 ff 48 8b
0x00007ff85cbf7960:   53 18 48 8d 42 10 48 3b 43 20 76 14 45 33 c0 48
0x00007ff85cbf7970:   8b cb 41 8d 50 10 e8 55 50 f5 ff 48 8b d0 eb 04
0x00007ff85cbf7980:   48 89 43 18 48 85 d2 74 11 48 8b 47 08 48 89 42
0x00007ff85cbf7990:   08 44 89 2a 44 89 7a 04 eb 03 49 8b d5 48 89 57
0x00007ff85cbf79a0:   08 48 83 c6 08 41 b8 08 00 00 00 48 81 fe c0 01
0x00007ff85cbf79b0:   00 00 0f 8c 38 ff ff ff 48 8b 8d b0 02 00 00 48
0x00007ff85cbf79c0:   33 cc e8 79 3c 5e 00 4c 8d 9c 24 c0 03 00 00 49
0x00007ff85cbf79d0:   8b 5b 38 49 8b 73 40 49 8b 7b 48 49 8b e3 41 5f
0x00007ff85cbf79e0:   41 5e 41 5d 41 5c 5d c3 cc cc cc cc cc cc cc cc
0x00007ff85cbf79f0:   48 83 ec 28 44 8b 41 44 8b 41 04 41 83 f8 38 7c
0x00007ff85cbf7a00:   0f 41 8d 48 c8 8b d0 48 83 c4 28 e9 60 dd fb ff
0x00007ff85cbf7a10:   83 c0 fa 83 f8 0b 0f 87 d7 00 00 00 48 8d 15 dd
0x00007ff85cbf7a20:   85 e9 ff 48 98 8b 8c 82 18 7b 16 00 48 03 ca ff
0x00007ff85cbf7a30:   e1 41 c1 e0 0e 49 63 c0 48 83 c8 1b 48 83 c4 28
0x00007ff85cbf7a40:   c3 41 c1 e0 0e 49 63 c0 48 83 c8 23 48 83 c4 28
0x00007ff85cbf7a50:   c3 41 c1 e0 0e 49 63 c0 48 83 c8 3b 48 83 c4 28
0x00007ff85cbf7a60:   c3 41 c1 e0 0e 49 63 c0 48 83 c8 0b 48 83 c4 28
0x00007ff85cbf7a70:   c3 41 8b c0 c1 e0 09 41 0b c0 c1 e0 0e 48 98 48
0x00007ff85cbf7a80:   0d 93 00 00 00 48 83 c4 28 c3 41 c1 e0 0e 48 83
0x00007ff85cbf7a90:   3d 22 c7 82 00 01 7c 14 41 8d 80 01 00 fa ff 48
0x00007ff85cbf7aa0:   98 48 0d 2d 20 00 00 48 83 c4 28 c3 41 8d 80 01
0x00007ff85cbf7ab0:   00 fc ff 48 98 48 83 c8 2d 48 83 c4 28 c3 48 83
0x00007ff85cbf7ac0:   3d f2 c6 82 00 02 7c 1b 41 8d 40 e8 8b c8 c1 e1
0x00007ff85cbf7ad0:   09 0b c1 c1 e0 0e 48 98 48 0d b5 20 00 00 48 83
0x00007ff85cbf7ae0:   c4 28 c3 41 8d 48 f0 83 ca ff 48 83 c4 28 e9 4d
0x00007ff85cbf7af0:   c7 ff ff ba 95 08 00 00 48 8d 0d f9 f3 68 00 e8
0x00007ff85cbf7b00:   bc ac 0d 00 e8 17 dd 47 00 48 8b 05 e8 8e 82 00
0x00007ff85cbf7b10:   48 83 c4 28 c3 0f 1f 00 8a 7a 16 00 be 7a 16 00
0x00007ff85cbf7b20:   f3 7a 16 00 f3 7a 16 00 61 7a 16 00 71 7a 16 00
0x00007ff85cbf7b30:   31 7a 16 00 f3 7a 16 00 f3 7a 16 00 41 7a 16 00 


Stack slot to memory mapping:
stack at sp + 0 slots: 0x00007ff85cbf7b9d jvm.dll
stack at sp + 1 slots: 0x0000007aff6febc0 is pointing into the stack for thread: 0x000001e674358800
stack at sp + 2 slots: 0x000001e67ca6b800 points into unknown readable memory: 0x0000000200000000 | 00 00 00 00 02 00 00 00
stack at sp + 3 slots: 0x000001e67ca6b830 points into unknown readable memory: 0x0000000200000000 | 00 00 00 00 02 00 00 00
stack at sp + 4 slots: 0x000001e67ca6b860 points into unknown readable memory: 0x0000000200000000 | 00 00 00 00 02 00 00 00
stack at sp + 5 slots: 0x0000000000000001 is an unknown value
stack at sp + 6 slots: 0x00007ff85cbf6a82 jvm.dll
stack at sp + 7 slots: 0x0000007aff6fed18 is pointing into the stack for thread: 0x000001e674358800


---------------  P R O C E S S  ---------------

Threads class SMR info:
_java_thread_list=0x000001e6784f08e0, length=43, elements={
0x000001e656a9c000, 0x000001e6742c2800, 0x000001e6742cf800, 0x000001e674323800,
0x000001e674325800, 0x000001e674327000, 0x000001e674332000, 0x000001e674358800,
0x000001e674366000, 0x000001e6744b0800, 0x000001e6744c0000, 0x000001e675433800,
0x000001e6751d9800, 0x000001e6762f6000, 0x000001e674848000, 0x000001e675606800,
0x000001e675b2d000, 0x000001e675a2e800, 0x000001e676183800, 0x000001e67821f800,
0x000001e675a59800, 0x000001e67573b000, 0x000001e676d6a800, 0x000001e6761e3000,
0x000001e6761e3800, 0x000001e6761e1000, 0x000001e6761df800, 0x000001e6761e0800,
0x000001e6761de800, 0x000001e6761e2000, 0x000001e6761de000, 0x000001e6761e4800,
0x000001e6799ef800, 0x000001e678456800, 0x000001e6799ed000, 0x000001e6780cf800,
0x000001e6775af800, 0x000001e6799ee800, 0x000001e6799f0000, 0x000001e6799ea800,
0x000001e6799eb800, 0x000001e6799f2000, 0x000001e6799f2800
}

Java Threads: ( => current thread )
  0x000001e656a9c000 JavaThread "main" [_thread_blocked, id=23500, stack(0x0000007afe900000,0x0000007afea00000)]
  0x000001e6742c2800 JavaThread "Reference Handler" daemon [_thread_blocked, id=3800, stack(0x0000007aff000000,0x0000007aff100000)]
  0x000001e6742cf800 JavaThread "Finalizer" daemon [_thread_blocked, id=3228, stack(0x0000007aff100000,0x0000007aff200000)]
  0x000001e674323800 JavaThread "Signal Dispatcher" daemon [_thread_blocked, id=23560, stack(0x0000007aff200000,0x0000007aff300000)]
  0x000001e674325800 JavaThread "Attach Listener" daemon [_thread_blocked, id=13592, stack(0x0000007aff300000,0x0000007aff400000)]
  0x000001e674327000 JavaThread "Service Thread" daemon [_thread_blocked, id=19596, stack(0x0000007aff400000,0x0000007aff500000)]
  0x000001e674332000 JavaThread "C2 CompilerThread0" daemon [_thread_blocked, id=13772, stack(0x0000007aff500000,0x0000007aff600000)]
=>0x000001e674358800 JavaThread "C1 CompilerThread0" daemon [_thread_in_native, id=22232, stack(0x0000007aff600000,0x0000007aff700000)]
  0x000001e674366000 JavaThread "Sweeper thread" daemon [_thread_blocked, id=23636, stack(0x0000007aff700000,0x0000007aff800000)]
  0x000001e6744b0800 JavaThread "C1 CompilerThread1" daemon [_thread_in_native, id=10572, stack(0x0000007aff800000,0x0000007aff900000)]
  0x000001e6744c0000 JavaThread "Common-Cleaner" daemon [_thread_blocked, id=13496, stack(0x0000007aff900000,0x0000007affa00000)]
  0x000001e675433800 JavaThread "C1 CompilerThread2" daemon [_thread_in_native, id=21580, stack(0x0000007affc00000,0x0000007affd00000)]
  0x000001e6751d9800 JavaThread "C1 CompilerThread3" daemon [_thread_in_native, id=8752, stack(0x0000007affd00000,0x0000007affe00000)]
  0x000001e6762f6000 JavaThread "Daemon health stats" [_thread_blocked, id=21048, stack(0x0000007a80500000,0x0000007a80600000)]
  0x000001e674848000 JavaThread "Incoming local TCP Connector on port 65309" [_thread_in_native, id=4892, stack(0x0000007a80300000,0x0000007a80400000)]
  0x000001e675606800 JavaThread "Daemon periodic checks" [_thread_blocked, id=11560, stack(0x0000007a80400000,0x0000007a80500000)]
  0x000001e675b2d000 JavaThread "Daemon" [_thread_blocked, id=19968, stack(0x0000007a80600000,0x0000007a80700000)]
  0x000001e675a2e800 JavaThread "Handler for socket connection from /127.0.0.1:65309 to /127.0.0.1:65310" [_thread_in_native, id=13132, stack(0x0000007a80700000,0x0000007a80800000)]
  0x000001e676183800 JavaThread "Cancel handler" [_thread_blocked, id=23228, stack(0x0000007a80800000,0x0000007a80900000)]
  0x000001e67821f800 JavaThread "Daemon worker" [_thread_in_Java, id=17364, stack(0x0000007a80900000,0x0000007a80a00000)]
  0x000001e675a59800 JavaThread "C2 CompilerThread1" daemon [_thread_in_native, id=24164, stack(0x0000007a80a00000,0x0000007a80b00000)]
  0x000001e67573b000 JavaThread "Asynchronous log dispatcher for DefaultDaemonConnection: socket connection from /127.0.0.1:65309 to /127.0.0.1:65310" [_thread_blocked, id=12528, stack(0x0000007a80b00000,0x0000007a80c00000)]
  0x000001e676d6a800 JavaThread "Stdin handler" [_thread_blocked, id=7876, stack(0x0000007a80c00000,0x0000007a80d00000)]
  0x000001e6761e3000 JavaThread "Daemon client event forwarder" [_thread_blocked, id=14944, stack(0x0000007a80d00000,0x0000007a80e00000)]
  0x000001e6761e3800 JavaThread "Cache worker for file hash cache (C:\Users\Georgios Barkos\.gradle\caches\7.0.2\fileHashes)" [_thread_blocked, id=22116, stack(0x0000007a80e00000,0x0000007a80f00000)]
  0x000001e6761e1000 JavaThread "File lock request listener" [_thread_in_native, id=17128, stack(0x0000007a80f00000,0x0000007a81000000)]
  0x000001e6761df800 JavaThread "Cache worker for journal cache (C:\Users\Georgios Barkos\.gradle\caches\journal-1)" [_thread_blocked, id=16288, stack(0x0000007a81900000,0x0000007a81a00000)]
  0x000001e6761e0800 JavaThread "Cache worker for file hash cache (D:\Thesis\frontend\.gradle\7.0.2\fileHashes)" [_thread_blocked, id=22888, stack(0x0000007a81b00000,0x0000007a81c00000)]
  0x000001e6761de800 JavaThread "File watcher server" daemon [_thread_in_native, id=5128, stack(0x0000007a81c00000,0x0000007a81d00000)]
  0x000001e6761e2000 JavaThread "File watcher consumer" daemon [_thread_blocked, id=1268, stack(0x0000007a81d00000,0x0000007a81e00000)]
  0x000001e6761de000 JavaThread "Cache worker for checksums cache (D:\Thesis\frontend\.gradle\checksums)" [_thread_blocked, id=12096, stack(0x0000007a81e00000,0x0000007a81f00000)]
  0x000001e6761e4800 JavaThread "Cache worker for cache directory md-supplier (C:\Users\Georgios Barkos\.gradle\caches\7.0.2\md-supplier)" [_thread_blocked, id=22060, stack(0x0000007a81a00000,0x0000007a81b00000)]
  0x000001e6799ef800 JavaThread "Cache worker for cache directory md-rule (C:\Users\Georgios Barkos\.gradle\caches\7.0.2\md-rule)" [_thread_blocked, id=21984, stack(0x0000007a81f00000,0x0000007a82000000)]
  0x000001e678456800 JavaThread "C2 CompilerThread2" daemon [_thread_blocked, id=14380, stack(0x0000007a82000000,0x0000007a82100000)]
  0x000001e6799ed000 JavaThread "Cache worker for execution history cache (C:\Users\Georgios Barkos\.gradle\caches\7.0.2\executionHistory)" [_thread_blocked, id=13944, stack(0x0000007a82100000,0x0000007a82200000)]
  0x000001e6780cf800 JavaThread "C2 CompilerThread3" daemon [_thread_blocked, id=2452, stack(0x0000007a82200000,0x0000007a82300000)]
  0x000001e6775af800 JavaThread "C2 CompilerThread4" daemon [_thread_blocked, id=17428, stack(0x0000007a82300000,0x0000007a82400000)]
  0x000001e6799ee800 JavaThread "jar transforms" [_thread_blocked, id=15492, stack(0x0000007a82400000,0x0000007a82500000)]
  0x000001e6799f0000 JavaThread "jar transforms Thread 2" [_thread_blocked, id=912, stack(0x0000007a82500000,0x0000007a82600000)]
  0x000001e6799ea800 JavaThread "Cache worker for file content cache (C:\Users\Georgios Barkos\.gradle\caches\7.0.2\fileContent)" [_thread_blocked, id=6024, stack(0x0000007a82600000,0x0000007a82700000)]
  0x000001e6799eb800 JavaThread "Cache worker for dependencies-accessors (D:\Thesis\frontend\.gradle\7.0.2\dependencies-accessors)" [_thread_blocked, id=20400, stack(0x0000007a82700000,0x0000007a82800000)]
  0x000001e6799f2000 JavaThread "jar transforms Thread 3" [_thread_blocked, id=17372, stack(0x0000007a82800000,0x0000007a82900000)]
  0x000001e6799f2800 JavaThread "Cache worker for Build Output Cleanup Cache (D:\Thesis\frontend\.gradle\buildOutputCleanup)" [_thread_blocked, id=22548, stack(0x0000007a82900000,0x0000007a82a00000)]

Other Threads:
  0x000001e6742bf800 VMThread "VM Thread" [stack: 0x0000007afef00000,0x0000007aff000000] [id=16392]
  0x000001e6744c4000 WatcherThread [stack: 0x0000007affa00000,0x0000007affb00000] [id=11528]
  0x000001e658b55000 GCTaskThread "GC Thread#0" [stack: 0x0000007afea00000,0x0000007afeb00000] [id=3164]
  0x000001e675798000 GCTaskThread "GC Thread#1" [stack: 0x0000007affe00000,0x0000007afff00000] [id=22868]
  0x000001e674fe9800 GCTaskThread "GC Thread#2" [stack: 0x0000007afff00000,0x0000007b00000000] [id=15136]
  0x000001e6751e2800 GCTaskThread "GC Thread#3" [stack: 0x0000007a80000000,0x0000007a80100000] [id=24208]
  0x000001e675300800 GCTaskThread "GC Thread#4" [stack: 0x0000007a80100000,0x0000007a80200000] [id=9448]
  0x000001e675168800 GCTaskThread "GC Thread#5" [stack: 0x0000007a80200000,0x0000007a80300000] [id=20220]
  0x000001e677b94000 GCTaskThread "GC Thread#6" [stack: 0x0000007a81000000,0x0000007a81100000] [id=16944]
  0x000001e677b91800 GCTaskThread "GC Thread#7" [stack: 0x0000007a81100000,0x0000007a81200000] [id=21292]
  0x000001e677b95800 GCTaskThread "GC Thread#8" [stack: 0x0000007a81200000,0x0000007a81300000] [id=20072]
  0x000001e677b92000 GCTaskThread "GC Thread#9" [stack: 0x0000007a81300000,0x0000007a81400000] [id=9276]
  0x000001e677b90800 GCTaskThread "GC Thread#10" [stack: 0x0000007a81400000,0x0000007a81500000] [id=13776]
  0x000001e677b95000 GCTaskThread "GC Thread#11" [stack: 0x0000007a81500000,0x0000007a81600000] [id=18952]
  0x000001e677b96800 GCTaskThread "GC Thread#12" [stack: 0x0000007a81600000,0x0000007a81700000] [id=7000]
  0x000001e658b89800 ConcurrentGCThread "G1 Main Marker" [stack: 0x0000007afeb00000,0x0000007afec00000] [id=10908]
  0x000001e658b8b800 ConcurrentGCThread "G1 Conc#0" [stack: 0x0000007afec00000,0x0000007afed00000] [id=7128]
  0x000001e677b93000 ConcurrentGCThread "G1 Conc#1" [stack: 0x0000007a81700000,0x0000007a81800000] [id=19388]
  0x000001e677b93800 ConcurrentGCThread "G1 Conc#2" [stack: 0x0000007a81800000,0x0000007a81900000] [id=8968]
  0x000001e658c1e800 ConcurrentGCThread "G1 Refine#0" [stack: 0x0000007afed00000,0x0000007afee00000] [id=22132]
  0x000001e673910000 ConcurrentGCThread "G1 Young RemSet Sampling" [stack: 0x0000007afee00000,0x0000007afef00000] [id=14768]

Threads with active compile tasks:
C1 CompilerThread0   6163 4507       1       org.gradle.cache.internal.btree.BlockPointer::getPos (5 bytes)
C1 CompilerThread1   6163 4509       1       org.gradle.cache.internal.btree.Block::getPayload (5 bytes)
C1 CompilerThread2   6163 4510       3       com.google.common.cache.LocalCache$Segment::getEntry (73 bytes)
C1 CompilerThread3   6163 4508       1       org.gradle.api.internal.artifacts.DefaultModuleVersionIdentifier::getModule (5 bytes)
C2 CompilerThread1   6163 4191       4       java.lang.invoke.LambdaForm$Name::replaceNames (174 bytes)

VM state:not at safepoint (normal execution)

VM Mutex/Monitor currently owned by a thread: None

Heap address: 0x0000000080000000, size: 2048 MB, Compressed Oops mode: 32-bit
Narrow klass base: 0x0000000000000000, Narrow klass shift: 3
Compressed class space size: 1073741824 Address: 0x0000000100000000

Heap:
 garbage-first heap   total 262144K, used 49230K [0x0000000080000000, 0x0000000100000000)
  region size 1024K, 33 young (33792K), 12 survivors (12288K)
 Metaspace       used 46025K, capacity 47218K, committed 47484K, reserved 1091584K
  class space    used 5882K, capacity 6301K, committed 6400K, reserved 1048576K
Heap Regions: E=young(eden), S=young(survivor), O=old, HS=humongous(starts), HC=humongous(continues), CS=collection set, F=free, A=archive, TAMS=top-at-mark-start (previous, next)
|   0|0x0000000080000000, 0x0000000080100000, 0x0000000080100000|100%| O|  |TAMS 0x0000000080100000, 0x0000000080000000| Untracked 
|   1|0x0000000080100000, 0x0000000080200000, 0x0000000080200000|100%| O|  |TAMS 0x0000000080200000, 0x0000000080100000| Untracked 
|   2|0x0000000080200000, 0x0000000080300000, 0x0000000080300000|100%| O|  |TAMS 0x0000000080300000, 0x0000000080200000| Untracked 
|   3|0x0000000080300000, 0x0000000080400000, 0x0000000080400000|100%|HS|  |TAMS 0x0000000080400000, 0x0000000080300000| Complete 
|   4|0x0000000080400000, 0x0000000080500000, 0x0000000080500000|100%|HC|  |TAMS 0x0000000080500000, 0x0000000080400000| Complete 
|   5|0x0000000080500000, 0x0000000080600000, 0x0000000080600000|100%|HC|  |TAMS 0x0000000080600000, 0x0000000080500000| Complete 
|   6|0x0000000080600000, 0x0000000080700000, 0x0000000080700000|100%| O|  |TAMS 0x0000000080700000, 0x0000000080600000| Untracked 
|   7|0x0000000080700000, 0x0000000080800000, 0x0000000080800000|100%| O|  |TAMS 0x0000000080800000, 0x0000000080700000| Untracked 
|   8|0x0000000080800000, 0x0000000080900000, 0x0000000080900000|100%| O|  |TAMS 0x0000000080900000, 0x0000000080800000| Untracked 
|   9|0x0000000080900000, 0x0000000080a00000, 0x0000000080a00000|100%| O|  |TAMS 0x0000000080a00000, 0x0000000080900000| Untracked 
|  10|0x0000000080a00000, 0x0000000080b00000, 0x0000000080b00000|100%| O|  |TAMS 0x0000000080b00000, 0x0000000080a00000| Untracked 
|  11|0x0000000080b00000, 0x0000000080c00000, 0x0000000080c00000|100%| O|  |TAMS 0x0000000080c00000, 0x0000000080b00000| Untracked 
|  12|0x0000000080c00000, 0x0000000080d00000, 0x0000000080d00000|100%| O|  |TAMS 0x0000000080d00000, 0x0000000080c00000| Untracked 
|  13|0x0000000080d00000, 0x0000000080e00000, 0x0000000080e00000|100%| O|  |TAMS 0x0000000080e00000, 0x0000000080d00000| Untracked 
|  14|0x0000000080e00000, 0x0000000080f00000, 0x0000000080f00000|100%| O|  |TAMS 0x0000000080f00000, 0x0000000080e00000| Untracked 
|  15|0x0000000080f00000, 0x0000000081000000, 0x0000000081000000|100%| O|  |TAMS 0x0000000081000000, 0x0000000080f00000| Untracked 
|  16|0x0000000081000000, 0x000000008103fe00, 0x0000000081100000| 24%| O|  |TAMS 0x000000008103fe00, 0x0000000081000000| Untracked 
|  17|0x0000000081100000, 0x0000000081100000, 0x0000000081200000|  0%| F|  |TAMS 0x0000000081100000, 0x0000000081100000| Untracked 
|  18|0x0000000081200000, 0x0000000081200000, 0x0000000081300000|  0%| F|  |TAMS 0x0000000081200000, 0x0000000081200000| Untracked 
|  19|0x0000000081300000, 0x0000000081300000, 0x0000000081400000|  0%| F|  |TAMS 0x0000000081300000, 0x0000000081300000| Untracked 
|  20|0x0000000081400000, 0x0000000081400000, 0x0000000081500000|  0%| F|  |TAMS 0x0000000081400000, 0x0000000081400000| Untracked 
|  21|0x0000000081500000, 0x0000000081500000, 0x0000000081600000|  0%| F|  |TAMS 0x0000000081500000, 0x0000000081500000| Untracked 
|  22|0x0000000081600000, 0x0000000081600000, 0x0000000081700000|  0%| F|  |TAMS 0x0000000081600000, 0x0000000081600000| Untracked 
|  23|0x0000000081700000, 0x0000000081700000, 0x0000000081800000|  0%| F|  |TAMS 0x0000000081700000, 0x0000000081700000| Untracked 
|  24|0x0000000081800000, 0x0000000081800000, 0x0000000081900000|  0%| F|  |TAMS 0x0000000081800000, 0x0000000081800000| Untracked 
|  25|0x0000000081900000, 0x0000000081900000, 0x0000000081a00000|  0%| F|  |TAMS 0x0000000081900000, 0x0000000081900000| Untracked 
|  26|0x0000000081a00000, 0x0000000081a00000, 0x0000000081b00000|  0%| F|  |TAMS 0x0000000081a00000, 0x0000000081a00000| Untracked 
|  27|0x0000000081b00000, 0x0000000081b00000, 0x0000000081c00000|  0%| F|  |TAMS 0x0000000081b00000, 0x0000000081b00000| Untracked 
|  28|0x0000000081c00000, 0x0000000081c00000, 0x0000000081d00000|  0%| F|  |TAMS 0x0000000081c00000, 0x0000000081c00000| Untracked 
|  29|0x0000000081d00000, 0x0000000081d00000, 0x0000000081e00000|  0%| F|  |TAMS 0x0000000081d00000, 0x0000000081d00000| Untracked 
|  30|0x0000000081e00000, 0x0000000081e00000, 0x0000000081f00000|  0%| F|  |TAMS 0x0000000081e00000, 0x0000000081e00000| Untracked 
|  31|0x0000000081f00000, 0x0000000081f00000, 0x0000000082000000|  0%| F|  |TAMS 0x0000000081f00000, 0x0000000081f00000| Untracked 
|  32|0x0000000082000000, 0x0000000082000000, 0x0000000082100000|  0%| F|  |TAMS 0x0000000082000000, 0x0000000082000000| Untracked 
|  33|0x0000000082100000, 0x0000000082100000, 0x0000000082200000|  0%| F|  |TAMS 0x0000000082100000, 0x0000000082100000| Untracked 
|  34|0x0000000082200000, 0x0000000082200000, 0x0000000082300000|  0%| F|  |TAMS 0x0000000082200000, 0x0000000082200000| Untracked 
|  35|0x0000000082300000, 0x0000000082300000, 0x0000000082400000|  0%| F|  |TAMS 0x0000000082300000, 0x0000000082300000| Untracked 
|  36|0x0000000082400000, 0x0000000082400000, 0x0000000082500000|  0%| F|  |TAMS 0x0000000082400000, 0x0000000082400000| Untracked 
|  37|0x0000000082500000, 0x0000000082500000, 0x0000000082600000|  0%| F|  |TAMS 0x0000000082500000, 0x0000000082500000| Untracked 
|  38|0x0000000082600000, 0x0000000082600000, 0x0000000082700000|  0%| F|  |TAMS 0x0000000082600000, 0x0000000082600000| Untracked 
|  39|0x0000000082700000, 0x0000000082700000, 0x0000000082800000|  0%| F|  |TAMS 0x0000000082700000, 0x0000000082700000| Untracked 
|  40|0x0000000082800000, 0x0000000082800000, 0x0000000082900000|  0%| F|  |TAMS 0x0000000082800000, 0x0000000082800000| Untracked 
|  41|0x0000000082900000, 0x0000000082900000, 0x0000000082a00000|  0%| F|  |TAMS 0x0000000082900000, 0x0000000082900000| Untracked 
|  42|0x0000000082a00000, 0x0000000082a00000, 0x0000000082b00000|  0%| F|  |TAMS 0x0000000082a00000, 0x0000000082a00000| Untracked 
|  43|0x0000000082b00000, 0x0000000082b00000, 0x0000000082c00000|  0%| F|  |TAMS 0x0000000082b00000, 0x0000000082b00000| Untracked 
|  44|0x0000000082c00000, 0x0000000082c00000, 0x0000000082d00000|  0%| F|  |TAMS 0x0000000082c00000, 0x0000000082c00000| Untracked 
|  45|0x0000000082d00000, 0x0000000082d00000, 0x0000000082e00000|  0%| F|  |TAMS 0x0000000082d00000, 0x0000000082d00000| Untracked 
|  46|0x0000000082e00000, 0x0000000082e00000, 0x0000000082f00000|  0%| F|  |TAMS 0x0000000082e00000, 0x0000000082e00000| Untracked 
|  47|0x0000000082f00000, 0x0000000082f00000, 0x0000000083000000|  0%| F|  |TAMS 0x0000000082f00000, 0x0000000082f00000| Untracked 
|  48|0x0000000083000000, 0x0000000083000000, 0x0000000083100000|  0%| F|  |TAMS 0x0000000083000000, 0x0000000083000000| Untracked 
|  49|0x0000000083100000, 0x0000000083100000, 0x0000000083200000|  0%| F|  |TAMS 0x0000000083100000, 0x0000000083100000| Untracked 
|  50|0x0000000083200000, 0x0000000083200000, 0x0000000083300000|  0%| F|  |TAMS 0x0000000083200000, 0x0000000083200000| Untracked 
|  51|0x0000000083300000, 0x0000000083300000, 0x0000000083400000|  0%| F|  |TAMS 0x0000000083300000, 0x0000000083300000| Untracked 
|  52|0x0000000083400000, 0x0000000083400000, 0x0000000083500000|  0%| F|  |TAMS 0x0000000083400000, 0x0000000083400000| Untracked 
|  53|0x0000000083500000, 0x0000000083500000, 0x0000000083600000|  0%| F|  |TAMS 0x0000000083500000, 0x0000000083500000| Untracked 
|  54|0x0000000083600000, 0x0000000083600000, 0x0000000083700000|  0%| F|  |TAMS 0x0000000083600000, 0x0000000083600000| Untracked 
|  55|0x0000000083700000, 0x0000000083700000, 0x0000000083800000|  0%| F|  |TAMS 0x0000000083700000, 0x0000000083700000| Untracked 
|  56|0x0000000083800000, 0x0000000083800000, 0x0000000083900000|  0%| F|  |TAMS 0x0000000083800000, 0x0000000083800000| Untracked 
|  57|0x0000000083900000, 0x0000000083900000, 0x0000000083a00000|  0%| F|  |TAMS 0x0000000083900000, 0x0000000083900000| Untracked 
|  58|0x0000000083a00000, 0x0000000083a00000, 0x0000000083b00000|  0%| F|  |TAMS 0x0000000083a00000, 0x0000000083a00000| Untracked 
|  59|0x0000000083b00000, 0x0000000083b00000, 0x0000000083c00000|  0%| F|  |TAMS 0x0000000083b00000, 0x0000000083b00000| Untracked 
|  60|0x0000000083c00000, 0x0000000083c00000, 0x0000000083d00000|  0%| F|  |TAMS 0x0000000083c00000, 0x0000000083c00000| Untracked 
|  61|0x0000000083d00000, 0x0000000083d00000, 0x0000000083e00000|  0%| F|  |TAMS 0x0000000083d00000, 0x0000000083d00000| Untracked 
|  62|0x0000000083e00000, 0x0000000083e00000, 0x0000000083f00000|  0%| F|  |TAMS 0x0000000083e00000, 0x0000000083e00000| Untracked 
|  63|0x0000000083f00000, 0x0000000083f00000, 0x0000000084000000|  0%| F|  |TAMS 0x0000000083f00000, 0x0000000083f00000| Untracked 
|  64|0x0000000084000000, 0x0000000084000000, 0x0000000084100000|  0%| F|  |TAMS 0x0000000084000000, 0x0000000084000000| Untracked 
|  65|0x0000000084100000, 0x0000000084100000, 0x0000000084200000|  0%| F|  |TAMS 0x0000000084100000, 0x0000000084100000| Untracked 
|  66|0x0000000084200000, 0x0000000084200000, 0x0000000084300000|  0%| F|  |TAMS 0x0000000084200000, 0x0000000084200000| Untracked 
|  67|0x0000000084300000, 0x0000000084300000, 0x0000000084400000|  0%| F|  |TAMS 0x0000000084300000, 0x0000000084300000| Untracked 
|  68|0x0000000084400000, 0x0000000084400000, 0x0000000084500000|  0%| F|  |TAMS 0x0000000084400000, 0x0000000084400000| Untracked 
|  69|0x0000000084500000, 0x0000000084500000, 0x0000000084600000|  0%| F|  |TAMS 0x0000000084500000, 0x0000000084500000| Untracked 
|  70|0x0000000084600000, 0x0000000084600000, 0x0000000084700000|  0%| F|  |TAMS 0x0000000084600000, 0x0000000084600000| Untracked 
|  71|0x0000000084700000, 0x0000000084700000, 0x0000000084800000|  0%| F|  |TAMS 0x0000000084700000, 0x0000000084700000| Untracked 
|  72|0x0000000084800000, 0x0000000084800000, 0x0000000084900000|  0%| F|  |TAMS 0x0000000084800000, 0x0000000084800000| Untracked 
|  73|0x0000000084900000, 0x0000000084900000, 0x0000000084a00000|  0%| F|  |TAMS 0x0000000084900000, 0x0000000084900000| Untracked 
|  74|0x0000000084a00000, 0x0000000084a00000, 0x0000000084b00000|  0%| F|  |TAMS 0x0000000084a00000, 0x0000000084a00000| Untracked 
|  75|0x0000000084b00000, 0x0000000084b00000, 0x0000000084c00000|  0%| F|  |TAMS 0x0000000084b00000, 0x0000000084b00000| Untracked 
|  76|0x0000000084c00000, 0x0000000084c00000, 0x0000000084d00000|  0%| F|  |TAMS 0x0000000084c00000, 0x0000000084c00000| Untracked 
|  77|0x0000000084d00000, 0x0000000084d00000, 0x0000000084e00000|  0%| F|  |TAMS 0x0000000084d00000, 0x0000000084d00000| Untracked 
|  78|0x0000000084e00000, 0x0000000084e00000, 0x0000000084f00000|  0%| F|  |TAMS 0x0000000084e00000, 0x0000000084e00000| Untracked 
|  79|0x0000000084f00000, 0x0000000084f00000, 0x0000000085000000|  0%| F|  |TAMS 0x0000000084f00000, 0x0000000084f00000| Untracked 
|  80|0x0000000085000000, 0x0000000085000000, 0x0000000085100000|  0%| F|  |TAMS 0x0000000085000000, 0x0000000085000000| Untracked 
|  81|0x0000000085100000, 0x0000000085100000, 0x0000000085200000|  0%| F|  |TAMS 0x0000000085100000, 0x0000000085100000| Untracked 
|  82|0x0000000085200000, 0x0000000085200000, 0x0000000085300000|  0%| F|  |TAMS 0x0000000085200000, 0x0000000085200000| Untracked 
|  83|0x0000000085300000, 0x0000000085300000, 0x0000000085400000|  0%| F|  |TAMS 0x0000000085300000, 0x0000000085300000| Untracked 
|  84|0x0000000085400000, 0x0000000085400000, 0x0000000085500000|  0%| F|  |TAMS 0x0000000085400000, 0x0000000085400000| Untracked 
|  85|0x0000000085500000, 0x0000000085500000, 0x0000000085600000|  0%| F|  |TAMS 0x0000000085500000, 0x0000000085500000| Untracked 
|  86|0x0000000085600000, 0x0000000085600000, 0x0000000085700000|  0%| F|  |TAMS 0x0000000085600000, 0x0000000085600000| Untracked 
|  87|0x0000000085700000, 0x0000000085700000, 0x0000000085800000|  0%| F|  |TAMS 0x0000000085700000, 0x0000000085700000| Untracked 
|  88|0x0000000085800000, 0x0000000085800000, 0x0000000085900000|  0%| F|  |TAMS 0x0000000085800000, 0x0000000085800000| Untracked 
|  89|0x0000000085900000, 0x0000000085900000, 0x0000000085a00000|  0%| F|  |TAMS 0x0000000085900000, 0x0000000085900000| Untracked 
|  90|0x0000000085a00000, 0x0000000085a00000, 0x0000000085b00000|  0%| F|  |TAMS 0x0000000085a00000, 0x0000000085a00000| Untracked 
|  91|0x0000000085b00000, 0x0000000085b00000, 0x0000000085c00000|  0%| F|  |TAMS 0x0000000085b00000, 0x0000000085b00000| Untracked 
|  92|0x0000000085c00000, 0x0000000085c00000, 0x0000000085d00000|  0%| F|  |TAMS 0x0000000085c00000, 0x0000000085c00000| Untracked 
|  93|0x0000000085d00000, 0x0000000085d00000, 0x0000000085e00000|  0%| F|  |TAMS 0x0000000085d00000, 0x0000000085d00000| Untracked 
|  94|0x0000000085e00000, 0x0000000085e00000, 0x0000000085f00000|  0%| F|  |TAMS 0x0000000085e00000, 0x0000000085e00000| Untracked 
|  95|0x0000000085f00000, 0x0000000085f00000, 0x0000000086000000|  0%| F|  |TAMS 0x0000000085f00000, 0x0000000085f00000| Untracked 
|  96|0x0000000086000000, 0x0000000086000000, 0x0000000086100000|  0%| F|  |TAMS 0x0000000086000000, 0x0000000086000000| Untracked 
|  97|0x0000000086100000, 0x0000000086100000, 0x0000000086200000|  0%| F|  |TAMS 0x0000000086100000, 0x0000000086100000| Untracked 
|  98|0x0000000086200000, 0x0000000086200000, 0x0000000086300000|  0%| F|  |TAMS 0x0000000086200000, 0x0000000086200000| Untracked 
|  99|0x0000000086300000, 0x0000000086300000, 0x0000000086400000|  0%| F|  |TAMS 0x0000000086300000, 0x0000000086300000| Untracked 
| 100|0x0000000086400000, 0x0000000086400000, 0x0000000086500000|  0%| F|  |TAMS 0x0000000086400000, 0x0000000086400000| Untracked 
| 101|0x0000000086500000, 0x0000000086500000, 0x0000000086600000|  0%| F|  |TAMS 0x0000000086500000, 0x0000000086500000| Untracked 
| 102|0x0000000086600000, 0x0000000086600000, 0x0000000086700000|  0%| F|  |TAMS 0x0000000086600000, 0x0000000086600000| Untracked 
| 103|0x0000000086700000, 0x0000000086700000, 0x0000000086800000|  0%| F|  |TAMS 0x0000000086700000, 0x0000000086700000| Untracked 
| 104|0x0000000086800000, 0x0000000086800000, 0x0000000086900000|  0%| F|  |TAMS 0x0000000086800000, 0x0000000086800000| Untracked 
| 105|0x0000000086900000, 0x0000000086900000, 0x0000000086a00000|  0%| F|  |TAMS 0x0000000086900000, 0x0000000086900000| Untracked 
| 106|0x0000000086a00000, 0x0000000086a00000, 0x0000000086b00000|  0%| F|  |TAMS 0x0000000086a00000, 0x0000000086a00000| Untracked 
| 107|0x0000000086b00000, 0x0000000086b00000, 0x0000000086c00000|  0%| F|  |TAMS 0x0000000086b00000, 0x0000000086b00000| Untracked 
| 108|0x0000000086c00000, 0x0000000086c00000, 0x0000000086d00000|  0%| F|  |TAMS 0x0000000086c00000, 0x0000000086c00000| Untracked 
| 109|0x0000000086d00000, 0x0000000086d00000, 0x0000000086e00000|  0%| F|  |TAMS 0x0000000086d00000, 0x0000000086d00000| Untracked 
| 110|0x0000000086e00000, 0x0000000086e00000, 0x0000000086f00000|  0%| F|  |TAMS 0x0000000086e00000, 0x0000000086e00000| Untracked 
| 111|0x0000000086f00000, 0x0000000086f00000, 0x0000000087000000|  0%| F|  |TAMS 0x0000000086f00000, 0x0000000086f00000| Untracked 
| 112|0x0000000087000000, 0x0000000087000000, 0x0000000087100000|  0%| F|  |TAMS 0x0000000087000000, 0x0000000087000000| Untracked 
| 113|0x0000000087100000, 0x0000000087100000, 0x0000000087200000|  0%| F|  |TAMS 0x0000000087100000, 0x0000000087100000| Untracked 
| 114|0x0000000087200000, 0x0000000087200000, 0x0000000087300000|  0%| F|  |TAMS 0x0000000087200000, 0x0000000087200000| Untracked 
| 115|0x0000000087300000, 0x0000000087300000, 0x0000000087400000|  0%| F|  |TAMS 0x0000000087300000, 0x0000000087300000| Untracked 
| 116|0x0000000087400000, 0x0000000087400000, 0x0000000087500000|  0%| F|  |TAMS 0x0000000087400000, 0x0000000087400000| Untracked 
| 117|0x0000000087500000, 0x0000000087500000, 0x0000000087600000|  0%| F|  |TAMS 0x0000000087500000, 0x0000000087500000| Untracked 
| 118|0x0000000087600000, 0x0000000087600000, 0x0000000087700000|  0%| F|  |TAMS 0x0000000087600000, 0x0000000087600000| Untracked 
| 119|0x0000000087700000, 0x0000000087700000, 0x0000000087800000|  0%| F|  |TAMS 0x0000000087700000, 0x0000000087700000| Untracked 
| 120|0x0000000087800000, 0x0000000087800000, 0x0000000087900000|  0%| F|  |TAMS 0x0000000087800000, 0x0000000087800000| Untracked 
| 121|0x0000000087900000, 0x00000000879d3db8, 0x0000000087a00000| 82%| S|CS|TAMS 0x0000000087900000, 0x0000000087900000| Complete 
| 122|0x0000000087a00000, 0x0000000087b00000, 0x0000000087b00000|100%| S|CS|TAMS 0x0000000087a00000, 0x0000000087a00000| Complete 
| 123|0x0000000087b00000, 0x0000000087c00000, 0x0000000087c00000|100%| S|CS|TAMS 0x0000000087b00000, 0x0000000087b00000| Complete 
| 124|0x0000000087c00000, 0x0000000087d00000, 0x0000000087d00000|100%| S|CS|TAMS 0x0000000087c00000, 0x0000000087c00000| Complete 
| 125|0x0000000087d00000, 0x0000000087e00000, 0x0000000087e00000|100%| S|CS|TAMS 0x0000000087d00000, 0x0000000087d00000| Complete 
| 126|0x0000000087e00000, 0x0000000087f00000, 0x0000000087f00000|100%| S|CS|TAMS 0x0000000087e00000, 0x0000000087e00000| Complete 
| 127|0x0000000087f00000, 0x0000000088000000, 0x0000000088000000|100%| S|CS|TAMS 0x0000000087f00000, 0x0000000087f00000| Complete 
| 128|0x0000000088000000, 0x0000000088100000, 0x0000000088100000|100%| S|CS|TAMS 0x0000000088000000, 0x0000000088000000| Complete 
| 129|0x0000000088100000, 0x0000000088200000, 0x0000000088200000|100%| S|CS|TAMS 0x0000000088100000, 0x0000000088100000| Complete 
| 130|0x0000000088200000, 0x0000000088300000, 0x0000000088300000|100%| S|CS|TAMS 0x0000000088200000, 0x0000000088200000| Complete 
| 131|0x0000000088300000, 0x0000000088400000, 0x0000000088400000|100%| S|CS|TAMS 0x0000000088300000, 0x0000000088300000| Complete 
| 132|0x0000000088400000, 0x0000000088500000, 0x0000000088500000|100%| S|CS|TAMS 0x0000000088400000, 0x0000000088400000| Complete 
| 133|0x0000000088500000, 0x0000000088500000, 0x0000000088600000|  0%| F|  |TAMS 0x0000000088500000, 0x0000000088500000| Untracked 
| 134|0x0000000088600000, 0x0000000088600000, 0x0000000088700000|  0%| F|  |TAMS 0x0000000088600000, 0x0000000088600000| Untracked 
| 135|0x0000000088700000, 0x0000000088700000, 0x0000000088800000|  0%| F|  |TAMS 0x0000000088700000, 0x0000000088700000| Untracked 
| 136|0x0000000088800000, 0x0000000088800000, 0x0000000088900000|  0%| F|  |TAMS 0x0000000088800000, 0x0000000088800000| Untracked 
| 137|0x0000000088900000, 0x0000000088900000, 0x0000000088a00000|  0%| F|  |TAMS 0x0000000088900000, 0x0000000088900000| Untracked 
| 138|0x0000000088a00000, 0x0000000088a00000, 0x0000000088b00000|  0%| F|  |TAMS 0x0000000088a00000, 0x0000000088a00000| Untracked 
| 139|0x0000000088b00000, 0x0000000088b00000, 0x0000000088c00000|  0%| F|  |TAMS 0x0000000088b00000, 0x0000000088b00000| Untracked 
| 140|0x0000000088c00000, 0x0000000088c00000, 0x0000000088d00000|  0%| F|  |TAMS 0x0000000088c00000, 0x0000000088c00000| Untracked 
| 141|0x0000000088d00000, 0x0000000088d00000, 0x0000000088e00000|  0%| F|  |TAMS 0x0000000088d00000, 0x0000000088d00000| Untracked 
| 142|0x0000000088e00000, 0x0000000088e00000, 0x0000000088f00000|  0%| F|  |TAMS 0x0000000088e00000, 0x0000000088e00000| Untracked 
| 143|0x0000000088f00000, 0x0000000088f00000, 0x0000000089000000|  0%| F|  |TAMS 0x0000000088f00000, 0x0000000088f00000| Untracked 
| 144|0x0000000089000000, 0x0000000089000000, 0x0000000089100000|  0%| F|  |TAMS 0x0000000089000000, 0x0000000089000000| Untracked 
| 145|0x0000000089100000, 0x0000000089100000, 0x0000000089200000|  0%| F|  |TAMS 0x0000000089100000, 0x0000000089100000| Untracked 
| 146|0x0000000089200000, 0x0000000089200000, 0x0000000089300000|  0%| F|  |TAMS 0x0000000089200000, 0x0000000089200000| Untracked 
| 147|0x0000000089300000, 0x0000000089300000, 0x0000000089400000|  0%| F|  |TAMS 0x0000000089300000, 0x0000000089300000| Untracked 
| 148|0x0000000089400000, 0x0000000089400000, 0x0000000089500000|  0%| F|  |TAMS 0x0000000089400000, 0x0000000089400000| Untracked 
| 149|0x0000000089500000, 0x0000000089500000, 0x0000000089600000|  0%| F|  |TAMS 0x0000000089500000, 0x0000000089500000| Untracked 
| 150|0x0000000089600000, 0x0000000089600000, 0x0000000089700000|  0%| F|  |TAMS 0x0000000089600000, 0x0000000089600000| Untracked 
| 151|0x0000000089700000, 0x0000000089700000, 0x0000000089800000|  0%| F|  |TAMS 0x0000000089700000, 0x0000000089700000| Untracked 
| 152|0x0000000089800000, 0x0000000089800000, 0x0000000089900000|  0%| F|  |TAMS 0x0000000089800000, 0x0000000089800000| Untracked 
| 153|0x0000000089900000, 0x0000000089900000, 0x0000000089a00000|  0%| F|  |TAMS 0x0000000089900000, 0x0000000089900000| Untracked 
| 154|0x0000000089a00000, 0x0000000089a00000, 0x0000000089b00000|  0%| F|  |TAMS 0x0000000089a00000, 0x0000000089a00000| Untracked 
| 155|0x0000000089b00000, 0x0000000089b00000, 0x0000000089c00000|  0%| F|  |TAMS 0x0000000089b00000, 0x0000000089b00000| Untracked 
| 156|0x0000000089c00000, 0x0000000089c00000, 0x0000000089d00000|  0%| F|  |TAMS 0x0000000089c00000, 0x0000000089c00000| Untracked 
| 157|0x0000000089d00000, 0x0000000089d00000, 0x0000000089e00000|  0%| F|  |TAMS 0x0000000089d00000, 0x0000000089d00000| Untracked 
| 158|0x0000000089e00000, 0x0000000089e00000, 0x0000000089f00000|  0%| F|  |TAMS 0x0000000089e00000, 0x0000000089e00000| Untracked 
| 159|0x0000000089f00000, 0x0000000089f00000, 0x000000008a000000|  0%| F|  |TAMS 0x0000000089f00000, 0x0000000089f00000| Untracked 
| 160|0x000000008a000000, 0x000000008a000000, 0x000000008a100000|  0%| F|  |TAMS 0x000000008a000000, 0x000000008a000000| Untracked 
| 161|0x000000008a100000, 0x000000008a100000, 0x000000008a200000|  0%| F|  |TAMS 0x000000008a100000, 0x000000008a100000| Untracked 
| 162|0x000000008a200000, 0x000000008a200000, 0x000000008a300000|  0%| F|  |TAMS 0x000000008a200000, 0x000000008a200000| Untracked 
| 163|0x000000008a300000, 0x000000008a300000, 0x000000008a400000|  0%| F|  |TAMS 0x000000008a300000, 0x000000008a300000| Untracked 
| 164|0x000000008a400000, 0x000000008a400000, 0x000000008a500000|  0%| F|  |TAMS 0x000000008a400000, 0x000000008a400000| Untracked 
| 165|0x000000008a500000, 0x000000008a500000, 0x000000008a600000|  0%| F|  |TAMS 0x000000008a500000, 0x000000008a500000| Untracked 
| 166|0x000000008a600000, 0x000000008a600000, 0x000000008a700000|  0%| F|  |TAMS 0x000000008a600000, 0x000000008a600000| Untracked 
| 167|0x000000008a700000, 0x000000008a700000, 0x000000008a800000|  0%| F|  |TAMS 0x000000008a700000, 0x000000008a700000| Untracked 
| 168|0x000000008a800000, 0x000000008a800000, 0x000000008a900000|  0%| F|  |TAMS 0x000000008a800000, 0x000000008a800000| Untracked 
| 169|0x000000008a900000, 0x000000008a900000, 0x000000008aa00000|  0%| F|  |TAMS 0x000000008a900000, 0x000000008a900000| Untracked 
| 170|0x000000008aa00000, 0x000000008aa00000, 0x000000008ab00000|  0%| F|  |TAMS 0x000000008aa00000, 0x000000008aa00000| Untracked 
| 171|0x000000008ab00000, 0x000000008ab00000, 0x000000008ac00000|  0%| F|  |TAMS 0x000000008ab00000, 0x000000008ab00000| Untracked 
| 172|0x000000008ac00000, 0x000000008ac00000, 0x000000008ad00000|  0%| F|  |TAMS 0x000000008ac00000, 0x000000008ac00000| Untracked 
| 173|0x000000008ad00000, 0x000000008ad00000, 0x000000008ae00000|  0%| F|  |TAMS 0x000000008ad00000, 0x000000008ad00000| Untracked 
| 174|0x000000008ae00000, 0x000000008ae00000, 0x000000008af00000|  0%| F|  |TAMS 0x000000008ae00000, 0x000000008ae00000| Untracked 
| 175|0x000000008af00000, 0x000000008af00000, 0x000000008b000000|  0%| F|  |TAMS 0x000000008af00000, 0x000000008af00000| Untracked 
| 176|0x000000008b000000, 0x000000008b000000, 0x000000008b100000|  0%| F|  |TAMS 0x000000008b000000, 0x000000008b000000| Untracked 
| 177|0x000000008b100000, 0x000000008b100000, 0x000000008b200000|  0%| F|  |TAMS 0x000000008b100000, 0x000000008b100000| Untracked 
| 178|0x000000008b200000, 0x000000008b200000, 0x000000008b300000|  0%| F|  |TAMS 0x000000008b200000, 0x000000008b200000| Untracked 
| 179|0x000000008b300000, 0x000000008b300000, 0x000000008b400000|  0%| F|  |TAMS 0x000000008b300000, 0x000000008b300000| Untracked 
| 180|0x000000008b400000, 0x000000008b400000, 0x000000008b500000|  0%| F|  |TAMS 0x000000008b400000, 0x000000008b400000| Untracked 
| 181|0x000000008b500000, 0x000000008b500000, 0x000000008b600000|  0%| F|  |TAMS 0x000000008b500000, 0x000000008b500000| Untracked 
| 182|0x000000008b600000, 0x000000008b600000, 0x000000008b700000|  0%| F|  |TAMS 0x000000008b600000, 0x000000008b600000| Untracked 
| 183|0x000000008b700000, 0x000000008b700000, 0x000000008b800000|  0%| F|  |TAMS 0x000000008b700000, 0x000000008b700000| Untracked 
| 184|0x000000008b800000, 0x000000008b800000, 0x000000008b900000|  0%| F|  |TAMS 0x000000008b800000, 0x000000008b800000| Untracked 
| 185|0x000000008b900000, 0x000000008b900000, 0x000000008ba00000|  0%| F|  |TAMS 0x000000008b900000, 0x000000008b900000| Untracked 
| 186|0x000000008ba00000, 0x000000008ba00000, 0x000000008bb00000|  0%| F|  |TAMS 0x000000008ba00000, 0x000000008ba00000| Untracked 
| 187|0x000000008bb00000, 0x000000008bb00000, 0x000000008bc00000|  0%| F|  |TAMS 0x000000008bb00000, 0x000000008bb00000| Untracked 
| 188|0x000000008bc00000, 0x000000008bc00000, 0x000000008bd00000|  0%| F|  |TAMS 0x000000008bc00000, 0x000000008bc00000| Untracked 
| 189|0x000000008bd00000, 0x000000008bd00000, 0x000000008be00000|  0%| F|  |TAMS 0x000000008bd00000, 0x000000008bd00000| Untracked 
| 190|0x000000008be00000, 0x000000008be00000, 0x000000008bf00000|  0%| F|  |TAMS 0x000000008be00000, 0x000000008be00000| Untracked 
| 191|0x000000008bf00000, 0x000000008bf00000, 0x000000008c000000|  0%| F|  |TAMS 0x000000008bf00000, 0x000000008bf00000| Untracked 
| 192|0x000000008c000000, 0x000000008c000000, 0x000000008c100000|  0%| F|  |TAMS 0x000000008c000000, 0x000000008c000000| Untracked 
| 193|0x000000008c100000, 0x000000008c100000, 0x000000008c200000|  0%| F|  |TAMS 0x000000008c100000, 0x000000008c100000| Untracked 
| 194|0x000000008c200000, 0x000000008c200000, 0x000000008c300000|  0%| F|  |TAMS 0x000000008c200000, 0x000000008c200000| Untracked 
| 195|0x000000008c300000, 0x000000008c300000, 0x000000008c400000|  0%| F|  |TAMS 0x000000008c300000, 0x000000008c300000| Untracked 
| 196|0x000000008c400000, 0x000000008c400000, 0x000000008c500000|  0%| F|  |TAMS 0x000000008c400000, 0x000000008c400000| Untracked 
| 197|0x000000008c500000, 0x000000008c500000, 0x000000008c600000|  0%| F|  |TAMS 0x000000008c500000, 0x000000008c500000| Untracked 
| 198|0x000000008c600000, 0x000000008c600000, 0x000000008c700000|  0%| F|  |TAMS 0x000000008c600000, 0x000000008c600000| Untracked 
| 199|0x000000008c700000, 0x000000008c700000, 0x000000008c800000|  0%| F|  |TAMS 0x000000008c700000, 0x000000008c700000| Untracked 
| 200|0x000000008c800000, 0x000000008c800000, 0x000000008c900000|  0%| F|  |TAMS 0x000000008c800000, 0x000000008c800000| Untracked 
| 201|0x000000008c900000, 0x000000008c900000, 0x000000008ca00000|  0%| F|  |TAMS 0x000000008c900000, 0x000000008c900000| Untracked 
| 202|0x000000008ca00000, 0x000000008ca00000, 0x000000008cb00000|  0%| F|  |TAMS 0x000000008ca00000, 0x000000008ca00000| Untracked 
| 203|0x000000008cb00000, 0x000000008cb00000, 0x000000008cc00000|  0%| F|  |TAMS 0x000000008cb00000, 0x000000008cb00000| Untracked 
| 204|0x000000008cc00000, 0x000000008cc00000, 0x000000008cd00000|  0%| F|  |TAMS 0x000000008cc00000, 0x000000008cc00000| Untracked 
| 205|0x000000008cd00000, 0x000000008cd00000, 0x000000008ce00000|  0%| F|  |TAMS 0x000000008cd00000, 0x000000008cd00000| Untracked 
| 206|0x000000008ce00000, 0x000000008ce00000, 0x000000008cf00000|  0%| F|  |TAMS 0x000000008ce00000, 0x000000008ce00000| Untracked 
| 207|0x000000008cf00000, 0x000000008cf00000, 0x000000008d000000|  0%| F|  |TAMS 0x000000008cf00000, 0x000000008cf00000| Untracked 
| 208|0x000000008d000000, 0x000000008d000000, 0x000000008d100000|  0%| F|  |TAMS 0x000000008d000000, 0x000000008d000000| Untracked 
| 209|0x000000008d100000, 0x000000008d100000, 0x000000008d200000|  0%| F|  |TAMS 0x000000008d100000, 0x000000008d100000| Untracked 
| 210|0x000000008d200000, 0x000000008d200000, 0x000000008d300000|  0%| F|  |TAMS 0x000000008d200000, 0x000000008d200000| Untracked 
| 211|0x000000008d300000, 0x000000008d300000, 0x000000008d400000|  0%| F|  |TAMS 0x000000008d300000, 0x000000008d300000| Untracked 
| 212|0x000000008d400000, 0x000000008d400000, 0x000000008d500000|  0%| F|  |TAMS 0x000000008d400000, 0x000000008d400000| Untracked 
| 213|0x000000008d500000, 0x000000008d500000, 0x000000008d600000|  0%| F|  |TAMS 0x000000008d500000, 0x000000008d500000| Untracked 
| 214|0x000000008d600000, 0x000000008d600000, 0x000000008d700000|  0%| F|  |TAMS 0x000000008d600000, 0x000000008d600000| Untracked 
| 215|0x000000008d700000, 0x000000008d700000, 0x000000008d800000|  0%| F|  |TAMS 0x000000008d700000, 0x000000008d700000| Untracked 
| 216|0x000000008d800000, 0x000000008d800000, 0x000000008d900000|  0%| F|  |TAMS 0x000000008d800000, 0x000000008d800000| Untracked 
| 217|0x000000008d900000, 0x000000008d900000, 0x000000008da00000|  0%| F|  |TAMS 0x000000008d900000, 0x000000008d900000| Untracked 
| 218|0x000000008da00000, 0x000000008da00000, 0x000000008db00000|  0%| F|  |TAMS 0x000000008da00000, 0x000000008da00000| Untracked 
| 219|0x000000008db00000, 0x000000008db00000, 0x000000008dc00000|  0%| F|  |TAMS 0x000000008db00000, 0x000000008db00000| Untracked 
| 220|0x000000008dc00000, 0x000000008dc00000, 0x000000008dd00000|  0%| F|  |TAMS 0x000000008dc00000, 0x000000008dc00000| Untracked 
| 221|0x000000008dd00000, 0x000000008dd00000, 0x000000008de00000|  0%| F|  |TAMS 0x000000008dd00000, 0x000000008dd00000| Untracked 
| 222|0x000000008de00000, 0x000000008de00000, 0x000000008df00000|  0%| F|  |TAMS 0x000000008de00000, 0x000000008de00000| Untracked 
| 223|0x000000008df00000, 0x000000008df00000, 0x000000008e000000|  0%| F|  |TAMS 0x000000008df00000, 0x000000008df00000| Untracked 
| 224|0x000000008e000000, 0x000000008e000000, 0x000000008e100000|  0%| F|  |TAMS 0x000000008e000000, 0x000000008e000000| Untracked 
| 225|0x000000008e100000, 0x000000008e100000, 0x000000008e200000|  0%| F|  |TAMS 0x000000008e100000, 0x000000008e100000| Untracked 
| 226|0x000000008e200000, 0x000000008e200000, 0x000000008e300000|  0%| F|  |TAMS 0x000000008e200000, 0x000000008e200000| Untracked 
| 227|0x000000008e300000, 0x000000008e300000, 0x000000008e400000|  0%| F|  |TAMS 0x000000008e300000, 0x000000008e300000| Untracked 
| 228|0x000000008e400000, 0x000000008e400000, 0x000000008e500000|  0%| F|  |TAMS 0x000000008e400000, 0x000000008e400000| Untracked 
| 229|0x000000008e500000, 0x000000008e500000, 0x000000008e600000|  0%| F|  |TAMS 0x000000008e500000, 0x000000008e500000| Untracked 
| 230|0x000000008e600000, 0x000000008e600000, 0x000000008e700000|  0%| F|  |TAMS 0x000000008e600000, 0x000000008e600000| Untracked 
| 231|0x000000008e700000, 0x000000008e700000, 0x000000008e800000|  0%| F|  |TAMS 0x000000008e700000, 0x000000008e700000| Untracked 
| 232|0x000000008e800000, 0x000000008e800000, 0x000000008e900000|  0%| F|  |TAMS 0x000000008e800000, 0x000000008e800000| Untracked 
| 233|0x000000008e900000, 0x000000008e900000, 0x000000008ea00000|  0%| F|  |TAMS 0x000000008e900000, 0x000000008e900000| Untracked 
| 234|0x000000008ea00000, 0x000000008ea00000, 0x000000008eb00000|  0%| F|  |TAMS 0x000000008ea00000, 0x000000008ea00000| Untracked 
| 235|0x000000008eb00000, 0x000000008eb80800, 0x000000008ec00000| 50%| E|  |TAMS 0x000000008eb00000, 0x000000008eb00000| Complete 
| 236|0x000000008ec00000, 0x000000008ed00000, 0x000000008ed00000|100%| E|CS|TAMS 0x000000008ec00000, 0x000000008ec00000| Complete 
| 237|0x000000008ed00000, 0x000000008ee00000, 0x000000008ee00000|100%| E|CS|TAMS 0x000000008ed00000, 0x000000008ed00000| Complete 
| 238|0x000000008ee00000, 0x000000008ef00000, 0x000000008ef00000|100%| E|CS|TAMS 0x000000008ee00000, 0x000000008ee00000| Complete 
| 239|0x000000008ef00000, 0x000000008f000000, 0x000000008f000000|100%| E|CS|TAMS 0x000000008ef00000, 0x000000008ef00000| Complete 
| 240|0x000000008f000000, 0x000000008f100000, 0x000000008f100000|100%| E|CS|TAMS 0x000000008f000000, 0x000000008f000000| Complete 
| 241|0x000000008f100000, 0x000000008f200000, 0x000000008f200000|100%| E|CS|TAMS 0x000000008f100000, 0x000000008f100000| Complete 
| 242|0x000000008f200000, 0x000000008f300000, 0x000000008f300000|100%| E|CS|TAMS 0x000000008f200000, 0x000000008f200000| Complete 
| 243|0x000000008f300000, 0x000000008f400000, 0x000000008f400000|100%| E|CS|TAMS 0x000000008f300000, 0x000000008f300000| Complete 
| 244|0x000000008f400000, 0x000000008f500000, 0x000000008f500000|100%| E|CS|TAMS 0x000000008f400000, 0x000000008f400000| Complete 
| 245|0x000000008f500000, 0x000000008f600000, 0x000000008f600000|100%| E|CS|TAMS 0x000000008f500000, 0x000000008f500000| Complete 
| 246|0x000000008f600000, 0x000000008f700000, 0x000000008f700000|100%| E|CS|TAMS 0x000000008f600000, 0x000000008f600000| Complete 
| 247|0x000000008f700000, 0x000000008f800000, 0x000000008f800000|100%| E|CS|TAMS 0x000000008f700000, 0x000000008f700000| Complete 
| 248|0x000000008f800000, 0x000000008f900000, 0x000000008f900000|100%| E|CS|TAMS 0x000000008f800000, 0x000000008f800000| Complete 
| 249|0x000000008f900000, 0x000000008fa00000, 0x000000008fa00000|100%| E|CS|TAMS 0x000000008f900000, 0x000000008f900000| Complete 
| 250|0x000000008fa00000, 0x000000008fb00000, 0x000000008fb00000|100%| E|CS|TAMS 0x000000008fa00000, 0x000000008fa00000| Complete 
| 251|0x000000008fb00000, 0x000000008fc00000, 0x000000008fc00000|100%| E|CS|TAMS 0x000000008fb00000, 0x000000008fb00000| Complete 
| 252|0x000000008fc00000, 0x000000008fd00000, 0x000000008fd00000|100%| E|CS|TAMS 0x000000008fc00000, 0x000000008fc00000| Complete 
| 253|0x000000008fd00000, 0x000000008fe00000, 0x000000008fe00000|100%| E|CS|TAMS 0x000000008fd00000, 0x000000008fd00000| Complete 
| 254|0x000000008fe00000, 0x000000008ff00000, 0x000000008ff00000|100%| E|CS|TAMS 0x000000008fe00000, 0x000000008fe00000| Complete 
| 255|0x000000008ff00000, 0x0000000090000000, 0x0000000090000000|100%| E|CS|TAMS 0x000000008ff00000, 0x000000008ff00000| Complete 

Card table byte_map: [0x000001e66c2b0000,0x000001e66c6b0000] _byte_map_base: 0x000001e66beb0000

Marking Bits (Prev, Next): (CMBitMap*) 0x000001e658b7eda8, (CMBitMap*) 0x000001e658b7ede0
 Prev Bits: [0x000001e66cab0000, 0x000001e66eab0000)
 Next Bits: [0x000001e66eab0000, 0x000001e670ab0000)

Polling page: 0x000001e656970000

Metaspace:

Usage:
  Non-class:     39.96 MB capacity,    39.20 MB ( 98%) used,   661.46 KB (  2%) free+waste,   112.69 KB ( <1%) overhead. 
      Class:      6.15 MB capacity,     5.74 MB ( 93%) used,   364.90 KB (  6%) free+waste,    53.94 KB ( <1%) overhead. 
       Both:     46.11 MB capacity,    44.95 MB ( 97%) used,     1.00 MB (  2%) free+waste,   166.63 KB ( <1%) overhead. 

Virtual space:
  Non-class space:       42.00 MB reserved,      40.12 MB ( 96%) committed 
      Class space:        1.00 GB reserved,       6.25 MB ( <1%) committed 
             Both:        1.04 GB reserved,      46.37 MB (  4%) committed 

Chunk freelists:
   Non-Class:  39.00 KB
       Class:  3.00 KB
        Both:  42.00 KB

MaxMetaspaceSize: 17179869184.00 GB
CompressedClassSpaceSize: 1.00 GB

CodeHeap 'non-profiled nmethods': size=119168Kb used=2679Kb max_used=2679Kb free=116488Kb
 bounds [0x000001e6641d0000, 0x000001e664470000, 0x000001e66b630000]
CodeHeap 'profiled nmethods': size=119168Kb used=9475Kb max_used=9475Kb free=109693Kb
 bounds [0x000001e65cd70000, 0x000001e65d6c0000, 0x000001e6641d0000]
CodeHeap 'non-nmethods': size=7424Kb used=3903Kb max_used=3972Kb free=3521Kb
 bounds [0x000001e65c630000, 0x000001e65ca20000, 0x000001e65cd70000]
 total_blobs=5291 nmethods=4501 adapters=697
 compilation: enabled
              stopped_count=0, restarted_count=0
 full_count=0

Compilation events (20 events):
Event: 6.118 Thread 0x000001e6751d9800 nmethod 4497 0x000001e65d6ad810 code [0x000001e65d6ad9c0, 0x000001e65d6adb18]
Event: 6.121 Thread 0x000001e6744b0800 4498       3       org.gradle.internal.snapshot.impl.StringValueSnapshot::getValue (5 bytes)
Event: 6.121 Thread 0x000001e674332000 4499 %     4       java.util.Arrays::fill @ 5 (21 bytes)
Event: 6.121 Thread 0x000001e674358800 4500       3       com.google.common.base.Equivalence::equivalent (24 bytes)
Event: 6.121 Thread 0x000001e6744b0800 nmethod 4498 0x000001e65d6adc10 code [0x000001e65d6addc0, 0x000001e65d6aded8]
Event: 6.121 Thread 0x000001e675433800 4501       3       com.google.common.cache.LocalCache$Segment::postReadCleanup (18 bytes)
Event: 6.121 Thread 0x000001e674358800 nmethod 4500 0x000001e65d6adf90 code [0x000001e65d6ae160, 0x000001e65d6ae3e8]
Event: 6.121 Thread 0x000001e675433800 nmethod 4501 0x000001e65d6ae490 code [0x000001e65d6ae6a0, 0x000001e65d6aecc8]
Event: 6.122 Thread 0x000001e6751d9800 4502       3       org.gradle.api.internal.artifacts.ivyservice.modulecache.DefaultCachedMetadata::isMissing (13 bytes)
Event: 6.123 Thread 0x000001e6751d9800 nmethod 4502 0x000001e65d6aef10 code [0x000001e65d6af0c0, 0x000001e65d6af218]
Event: 6.123 Thread 0x000001e6744b0800 4503       3       java.lang.ThreadLocal::setInitialValue (50 bytes)
Event: 6.123 Thread 0x000001e6744b0800 nmethod 4503 0x000001e65d6af290 code [0x000001e65d6af4c0, 0x000001e65d6afdb8]
Event: 6.124 Thread 0x000001e674358800 4504       3       org.gradle.internal.component.external.model.DefaultModuleComponentIdentifier::<init> (121 bytes)
Event: 6.124 Thread 0x000001e675433800 4505       3       sun.security.provider.ByteArrayAccess::i2bLittle4 (111 bytes)
Event: 6.124 Thread 0x000001e674358800 nmethod 4504 0x000001e65d6aff90 code [0x000001e65d6b0180, 0x000001e65d6b04f8]
Event: 6.124 Thread 0x000001e6780cf800 4506       4       java.io.RandomAccessFile::read (8 bytes)
Event: 6.124 Thread 0x000001e675433800 nmethod 4505 0x000001e65d6b0690 code [0x000001e65d6b0860, 0x000001e65d6b0ac8]
Event: 6.124 Thread 0x000001e6780cf800 nmethod 4506 0x000001e664460190 code [0x000001e664460320, 0x000001e6644603a8]
Event: 6.124 Thread 0x000001e674332000 nmethod 4499% 0x000001e664460490 code [0x000001e664460620, 0x000001e664460818]
Event: 6.126 Thread 0x000001e674358800 4507       1       org.gradle.cache.internal.btree.BlockPointer::getPos (5 bytes)

GC Heap History (10 events):
Event: 0.744 GC heap before
{Heap before GC invocations=0 (full 0):
 garbage-first heap   total 262144K, used 29696K [0x0000000080000000, 0x0000000100000000)
  region size 1024K, 24 young (24576K), 0 survivors (0K)
 Metaspace       used 9851K, capacity 10026K, committed 10112K, reserved 1058816K
  class space    used 1017K, capacity 1070K, committed 1152K, reserved 1048576K
}
Event: 0.748 GC heap after
{Heap after GC invocations=1 (full 0):
 garbage-first heap   total 262144K, used 9305K [0x0000000080000000, 0x0000000100000000)
  region size 1024K, 3 young (3072K), 3 survivors (3072K)
 Metaspace       used 9851K, capacity 10026K, committed 10112K, reserved 1058816K
  class space    used 1017K, capacity 1070K, committed 1152K, reserved 1048576K
}
Event: 2.613 GC heap before
{Heap before GC invocations=1 (full 0):
 garbage-first heap   total 262144K, used 108633K [0x0000000080000000, 0x0000000100000000)
  region size 1024K, 101 young (103424K), 3 survivors (3072K)
 Metaspace       used 20730K, capacity 21222K, committed 21296K, reserved 1069056K
  class space    used 2514K, capacity 2688K, committed 2688K, reserved 1048576K
}
Event: 2.650 GC heap after
{Heap after GC invocations=2 (full 0):
 garbage-first heap   total 262144K, used 16691K [0x0000000080000000, 0x0000000100000000)
  region size 1024K, 11 young (11264K), 11 survivors (11264K)
 Metaspace       used 20730K, capacity 21222K, committed 21296K, reserved 1069056K
  class space    used 2514K, capacity 2688K, committed 2688K, reserved 1048576K
}
Event: 2.948 GC heap before
{Heap before GC invocations=3 (full 0):
 garbage-first heap   total 262144K, used 39219K [0x0000000080000000, 0x0000000100000000)
  region size 1024K, 33 young (33792K), 11 survivors (11264K)
 Metaspace       used 22314K, capacity 22889K, committed 23216K, reserved 1069056K
  class space    used 2826K, capacity 3034K, committed 3072K, reserved 1048576K
}
Event: 2.955 GC heap after
{Heap after GC invocations=4 (full 0):
 garbage-first heap   total 262144K, used 17637K [0x0000000080000000, 0x0000000100000000)
  region size 1024K, 1 young (1024K), 1 survivors (1024K)
 Metaspace       used 22314K, capacity 22889K, committed 23216K, reserved 1069056K
  class space    used 2826K, capacity 3034K, committed 3072K, reserved 1048576K
}
Event: 4.778 GC heap before
{Heap before GC invocations=4 (full 0):
 garbage-first heap   total 262144K, used 107749K [0x0000000080000000, 0x0000000100000000)
  region size 1024K, 90 young (92160K), 1 survivors (1024K)
 Metaspace       used 34842K, capacity 35614K, committed 35708K, reserved 1081344K
  class space    used 4520K, capacity 4832K, committed 4864K, reserved 1048576K
}
Event: 4.785 GC heap after
{Heap after GC invocations=5 (full 0):
 garbage-first heap   total 262144K, used 22078K [0x0000000080000000, 0x0000000100000000)
  region size 1024K, 6 young (6144K), 6 survivors (6144K)
 Metaspace       used 34842K, capacity 35614K, committed 35708K, reserved 1081344K
  class space    used 4520K, capacity 4832K, committed 4864K, reserved 1048576K
}
Event: 5.881 GC heap before
{Heap before GC invocations=6 (full 0):
 garbage-first heap   total 262144K, used 144958K [0x0000000080000000, 0x0000000100000000)
  region size 1024K, 123 young (125952K), 6 survivors (6144K)
 Metaspace       used 44536K, capacity 45665K, committed 45948K, reserved 1089536K
  class space    used 5689K, capacity 6105K, committed 6144K, reserved 1048576K
}
Event: 5.888 GC heap after
{Heap after GC invocations=7 (full 0):
 garbage-first heap   total 262144K, used 28750K [0x0000000080000000, 0x0000000100000000)
  region size 1024K, 12 young (12288K), 12 survivors (12288K)
 Metaspace       used 44536K, capacity 45665K, committed 45948K, reserved 1089536K
  class space    used 5689K, capacity 6105K, committed 6144K, reserved 1048576K
}

Deoptimization events (20 events):
Event: 6.010 Thread 0x000001e67821f800 Uncommon trap: trap_request=0xffffff4d fr.pc=0x000001e6641f6b00 relative=0x0000000000000060
Event: 6.010 Thread 0x000001e67821f800 Uncommon trap: reason=unstable_if action=reinterpret pc=0x000001e6641f6b00 method=java.io.WinNTFileSystem.isSlash(C)Z @ 9 c2
Event: 6.010 Thread 0x000001e67821f800 DEOPT PACKING pc=0x000001e6641f6b00 sp=0x0000007a809f8540
Event: 6.010 Thread 0x000001e67821f800 DEOPT UNPACKING pc=0x000001e65c6578af sp=0x0000007a809f84c8 mode 2
Event: 6.112 Thread 0x000001e67821f800 Uncommon trap: trap_request=0xffffffde fr.pc=0x000001e66445130c relative=0x00000000000012ec
Event: 6.112 Thread 0x000001e67821f800 Uncommon trap: reason=class_check action=maybe_recompile pc=0x000001e66445130c method=java.util.HashMap.computeIfAbsent(Ljava/lang/Object;Ljava/util/function/Function;)Ljava/lang/Object; @ 142 c2
Event: 6.112 Thread 0x000001e67821f800 DEOPT PACKING pc=0x000001e66445130c sp=0x0000007a809f8e90
Event: 6.112 Thread 0x000001e67821f800 DEOPT UNPACKING pc=0x000001e65c6578af sp=0x0000007a809f8e68 mode 2
Event: 6.112 Thread 0x000001e67821f800 Uncommon trap: trap_request=0xffffffde fr.pc=0x000001e66445130c relative=0x00000000000012ec
Event: 6.112 Thread 0x000001e67821f800 Uncommon trap: reason=class_check action=maybe_recompile pc=0x000001e66445130c method=java.util.HashMap.computeIfAbsent(Ljava/lang/Object;Ljava/util/function/Function;)Ljava/lang/Object; @ 142 c2
Event: 6.112 Thread 0x000001e67821f800 DEOPT PACKING pc=0x000001e66445130c sp=0x0000007a809f8e90
Event: 6.112 Thread 0x000001e67821f800 DEOPT UNPACKING pc=0x000001e65c6578af sp=0x0000007a809f8e68 mode 2
Event: 6.112 Thread 0x000001e67821f800 Uncommon trap: trap_request=0xffffffde fr.pc=0x000001e66445130c relative=0x00000000000012ec
Event: 6.112 Thread 0x000001e67821f800 Uncommon trap: reason=class_check action=maybe_recompile pc=0x000001e66445130c method=java.util.HashMap.computeIfAbsent(Ljava/lang/Object;Ljava/util/function/Function;)Ljava/lang/Object; @ 142 c2
Event: 6.112 Thread 0x000001e67821f800 DEOPT PACKING pc=0x000001e66445130c sp=0x0000007a809f8e90
Event: 6.112 Thread 0x000001e67821f800 DEOPT UNPACKING pc=0x000001e65c6578af sp=0x0000007a809f8e68 mode 2
Event: 6.112 Thread 0x000001e67821f800 Uncommon trap: trap_request=0xffffffde fr.pc=0x000001e66445130c relative=0x00000000000012ec
Event: 6.112 Thread 0x000001e67821f800 Uncommon trap: reason=class_check action=maybe_recompile pc=0x000001e66445130c method=java.util.HashMap.computeIfAbsent(Ljava/lang/Object;Ljava/util/function/Function;)Ljava/lang/Object; @ 142 c2
Event: 6.112 Thread 0x000001e67821f800 DEOPT PACKING pc=0x000001e66445130c sp=0x0000007a809f8e90
Event: 6.112 Thread 0x000001e67821f800 DEOPT UNPACKING pc=0x000001e65c6578af sp=0x0000007a809f8e68 mode 2

Classes redefined (0 events):
No events

Internal exceptions (20 events):
Event: 5.644 Thread 0x000001e67821f800 Exception <a 'java/lang/ClassNotFoundException'{0x000000008a602718}: org/gradle/api/internal/project/ProjectScriptBeanInfo> (0x000000008a602718) thrown at [./src/hotspot/share/classfile/systemDictionary.cpp, line 231]
Event: 5.645 Thread 0x000001e67821f800 Exception <a 'java/lang/ClassNotFoundException'{0x000000008a618730}: org/gradle/api/internal/project/ProjectScriptCustomizer> (0x000000008a618730) thrown at [./src/hotspot/share/classfile/systemDictionary.cpp, line 231]
Event: 5.646 Thread 0x000001e67821f800 Exception <a 'java/lang/ClassNotFoundException'{0x000000008a633920}: build_2hwcqshho11oj27enyflw5dg6Customizer> (0x000000008a633920) thrown at [./src/hotspot/share/classfile/systemDictionary.cpp, line 231]
Event: 5.652 Thread 0x000001e67821f800 Exception <a 'java/lang/ClassNotFoundException'{0x000000008a6c51b8}: org/gradle/api/internal/initialization/DefaultScriptHandlerBeanInfo> (0x000000008a6c51b8) thrown at [./src/hotspot/share/classfile/systemDictionary.cpp, line 231]
Event: 5.653 Thread 0x000001e67821f800 Exception <a 'java/lang/ClassNotFoundException'{0x000000008a6ee170}: org/gradle/api/internal/initialization/DefaultScriptHandlerCustomizer> (0x000000008a6ee170) thrown at [./src/hotspot/share/classfile/systemDictionary.cpp, line 231]
Event: 5.728 Thread 0x000001e67821f800 Exception <a 'java/lang/ClassNotFoundException'{0x00000000897031d8}: org/gradle/api/internal/artifacts/dsl/dependencies/DefaultDependencyHandler_DecoratedBeanInfo> (0x00000000897031d8) thrown at [./src/hotspot/share/classfile/systemDictionary.cpp, line 231]
Event: 5.729 Thread 0x000001e67821f800 Exception <a 'java/lang/ClassNotFoundException'{0x0000000089741338}: org/gradle/api/internal/artifacts/dsl/dependencies/DefaultDependencyHandlerBeanInfo> (0x0000000089741338) thrown at [./src/hotspot/share/classfile/systemDictionary.cpp, line 231]
Event: 5.730 Thread 0x000001e67821f800 Exception <a 'java/lang/ClassNotFoundException'{0x000000008977f840}: org/gradle/api/internal/artifacts/dsl/dependencies/DefaultDependencyHandlerCustomizer> (0x000000008977f840) thrown at [./src/hotspot/share/classfile/systemDictionary.cpp, line 231]
Event: 5.732 Thread 0x000001e67821f800 Exception <a 'java/lang/ClassNotFoundException'{0x00000000897e6ec8}: org/gradle/api/internal/artifacts/dsl/dependencies/DefaultDependencyHandler_DecoratedCustomizer> (0x00000000897e6ec8) thrown at [./src/hotspot/share/classfile/systemDictionary.cpp, line 231]
Event: 5.743 Thread 0x000001e67821f800 Exception <a 'java/lang/NoSuchMethodError'{0x00000000896fab00}: 'java.lang.Object java.lang.invoke.DirectMethodHandle$Holder.invokeStatic(java.lang.Object, java.lang.Object, int, java.lang.Object)'> (0x00000000896fab00) thrown at [./src/hotspot/share/interpreter/linkResolver.cpp, line 773]
Event: 5.744 Thread 0x000001e67821f800 Exception <a 'java/lang/NoSuchMethodError'{0x0000000089502230}: 'java.lang.Object java.lang.invoke.Invokers$Holder.linkToTargetMethod(java.lang.Object, int, java.lang.Object, java.lang.Object)'> (0x0000000089502230) thrown at [./src/hotspot/share/interpreter/linkResolver.cpp, line 773]
Event: 5.903 Thread 0x000001e67821f800 Exception <a 'java/lang/NoSuchMethodError'{0x000000008fe1ea28}: 'java.lang.Object java.lang.invoke.DelegatingMethodHandle$Holder.reinvoke_L(java.lang.Object, java.lang.Object, java.lang.Object, java.lang.Object, java.lang.Object, java.lang.Object, java.lang.Object, java.lang.Object, java.lang.Object, java.lang.Object, java.lang.Object, java.lang.Object, java.lang.Object, java.lang.Object, java.lang.Object, java.lang.Object, java.lang.Object, java.lang.Object, java.lang.Object, java.lang.Object, java.lang.O
Event: 5.903 Thread 0x000001e67821f800 Exception <a 'java/lang/NoSuchMethodError'{0x000000008fe2a430}: 'java.lang.Object java.lang.invoke.DirectMethodHandle$Holder.invokeSpecial(java.lang.Object, java.lang.Object, java.lang.Object, java.lang.Object, java.lang.Object, java.lang.Object, java.lang.Object, java.lang.Object, java.lang.Object, java.lang.Object, java.lang.Object, java.lang.Object, java.lang.Object, java.lang.Object, java.lang.Object, java.lang.Object, java.lang.Object, java.lang.Object, java.lang.Object, java.lang.Object, java.lang.Ob
Event: 5.903 Thread 0x000001e67821f800 Exception <a 'java/lang/NoSuchMethodError'{0x000000008fe30620}: 'java.lang.Object java.lang.invoke.Invokers$Holder.invoker(java.lang.Object, java.lang.Object, java.lang.Object, java.lang.Object, java.lang.Object, java.lang.Object, java.lang.Object, java.lang.Object, java.lang.Object, java.lang.Object, java.lang.Object, java.lang.Object, java.lang.Object, java.lang.Object, java.lang.Object, java.lang.Object, java.lang.Object, java.lang.Object, java.lang.Object, java.lang.Object, java.lang.Object)'> (0x00000
Event: 5.904 Thread 0x000001e67821f800 Exception <a 'java/lang/NoSuchMethodError'{0x000000008fe37990}: 'java.lang.Object java.lang.invoke.DelegatingMethodHandle$Holder.delegate(java.lang.Object, java.lang.Object, java.lang.Object, java.lang.Object, java.lang.Object, java.lang.Object, java.lang.Object, java.lang.Object, java.lang.Object, java.lang.Object, java.lang.Object, java.lang.Object, java.lang.Object, java.lang.Object, java.lang.Object, java.lang.Object, java.lang.Object, java.lang.Object, java.lang.Object, java.lang.Object, java.lang.Obj
Event: 5.908 Thread 0x000001e67821f800 Exception <a 'java/lang/NoSuchMethodError'{0x000000008fe804a0}: 'java.lang.Object java.lang.invoke.DirectMethodHandle$Holder.invokeStatic(java.lang.Object, java.lang.Object, java.lang.Object, java.lang.Object, java.lang.Object, java.lang.Object, java.lang.Object, java.lang.Object, java.lang.Object, java.lang.Object, java.lang.Object, java.lang.Object, java.lang.Object, java.lang.Object, java.lang.Object)'> (0x000000008fe804a0) thrown at [./src/hotspot/share/interpreter/linkResolver.cpp, line 773]
Event: 5.909 Thread 0x000001e67821f800 Exception <a 'java/lang/NoSuchMethodError'{0x000000008fd10848}: 'java.lang.Object java.lang.invoke.DirectMethodHandle$Holder.invokeStatic(java.lang.Object, java.lang.Object, java.lang.Object, java.lang.Object, java.lang.Object, java.lang.Object, java.lang.Object, java.lang.Object, java.lang.Object, java.lang.Object, java.lang.Object, java.lang.Object, java.lang.Object, java.lang.Object, java.lang.Object, java.lang.Object)'> (0x000000008fd10848) thrown at [./src/hotspot/share/interpreter/linkResolver.cpp, l
Event: 5.911 Thread 0x000001e67821f800 Exception <a 'java/lang/NoSuchMethodError'{0x000000008fd20d90}: 'java.lang.Object java.lang.invoke.DelegatingMethodHandle$Holder.reinvoke_L(java.lang.Object, java.lang.Object, java.lang.Object, java.lang.Object, java.lang.Object, java.lang.Object, java.lang.Object, java.lang.Object, java.lang.Object, java.lang.Object, java.lang.Object, java.lang.Object, java.lang.Object, java.lang.Object, java.lang.Object, java.lang.Object, java.lang.Object, java.lang.Object, java.lang.Object, java.lang.Object)'> (0x000000
Event: 5.943 Thread 0x000001e67821f800 Exception <a 'java/lang/IncompatibleClassChangeError'{0x000000008faa7cf0}: Found class java.lang.Object, but interface was expected> (0x000000008faa7cf0) thrown at [./src/hotspot/share/interpreter/linkResolver.cpp, line 839]
Event: 6.021 Thread 0x000001e67821f800 Exception <a 'java/lang/NoSuchMethodError'{0x000000008f187a28}: 'int java.lang.invoke.DirectMethodHandle$Holder.invokeStaticInit(java.lang.Object)'> (0x000000008f187a28) thrown at [./src/hotspot/share/interpreter/linkResolver.cpp, line 773]

Events (20 events):
Event: 6.031 loading class org/gradle/api/internal/artifacts/ResolvedConfigurationIdentifier
Event: 6.031 loading class org/gradle/api/internal/artifacts/ResolvedConfigurationIdentifier done
Event: 6.031 loading class org/gradle/api/internal/artifacts/ivyservice/resolveengine/graph/builder/ResolveState
Event: 6.031 loading class org/gradle/api/internal/artifacts/ivyservice/resolveengine/graph/builder/ResolveState done
Event: 6.032 loading class org/gradle/internal/component/external/model/DefaultShadowedCapability
Event: 6.032 loading class org/gradle/internal/component/external/model/DefaultShadowedCapability done
Event: 6.032 loading class org/gradle/internal/component/external/model/ShadowedCapability
Event: 6.032 loading class org/gradle/internal/component/external/model/ShadowedCapability done
Event: 6.033 loading class org/gradle/api/internal/artifacts/repositories/metadata/DefaultMavenImmutableAttributesFactory$ComponentTypeEntry
Event: 6.033 loading class org/gradle/api/internal/artifacts/repositories/metadata/DefaultMavenImmutableAttributesFactory$ComponentTypeEntry done
Event: 6.034 loading class org/gradle/api/internal/artifacts/ivyservice/resolveengine/excludes/specs/ExcludeSpec
Event: 6.034 loading class org/gradle/api/internal/artifacts/ivyservice/resolveengine/excludes/specs/ExcludeSpec done
Event: 6.034 loading class org/gradle/api/internal/artifacts/ivyservice/resolveengine/excludes/specs/ExcludeSpec
Event: 6.034 loading class org/gradle/api/internal/artifacts/ivyservice/resolveengine/excludes/specs/ExcludeSpec done
Event: 6.034 loading class org/gradle/api/internal/artifacts/ivyservice/resolveengine/excludes/factories/OptimizingExcludeFactory
Event: 6.034 loading class org/gradle/api/internal/artifacts/ivyservice/resolveengine/excludes/factories/OptimizingExcludeFactory done
Event: 6.034 loading class org/gradle/api/internal/artifacts/ivyservice/resolveengine/excludes/factories/Optimizations
Event: 6.034 loading class org/gradle/api/internal/artifacts/ivyservice/resolveengine/excludes/factories/Optimizations done
Event: 6.111 loading class org/gradle/internal/component/external/model/ConfigurationBoundExternalDependencyMetadata
Event: 6.111 loading class org/gradle/internal/component/external/model/ConfigurationBoundExternalDependencyMetadata done


Dynamic libraries:
0x00007ff65d030000 - 0x00007ff65d03a000 	C:\Program Files\Android\Android Studio\jre\bin\java.exe
0x00007ff8bc4d0000 - 0x00007ff8bc6c5000 	C:\Windows\SYSTEM32\ntdll.dll
0x00007ff8bbed0000 - 0x00007ff8bbf8e000 	C:\Windows\System32\KERNEL32.DLL
0x00007ff8b9db0000 - 0x00007ff8ba078000 	C:\Windows\System32\KERNELBASE.dll
0x00007ff8ba310000 - 0x00007ff8ba410000 	C:\Windows\System32\ucrtbase.dll
0x00007ff87ec20000 - 0x00007ff87ec39000 	C:\Program Files\Android\Android Studio\jre\bin\jli.dll
0x00007ff87d5a0000 - 0x00007ff87d5b7000 	C:\Program Files\Android\Android Studio\jre\bin\VCRUNTIME140.dll
0x00007ff8bc280000 - 0x00007ff8bc421000 	C:\Windows\System32\USER32.dll
0x00007ff8a46f0000 - 0x00007ff8a498a000 	C:\Windows\WinSxS\amd64_microsoft.windows.common-controls_6595b64144ccf1df_6.0.19041.1110_none_60b5254171f9507e\COMCTL32.dll
0x00007ff8b9bf0000 - 0x00007ff8b9c12000 	C:\Windows\System32\win32u.dll
0x00007ff8bbd30000 - 0x00007ff8bbdce000 	C:\Windows\System32\msvcrt.dll
0x00007ff8bbdd0000 - 0x00007ff8bbdfb000 	C:\Windows\System32\GDI32.dll
0x00007ff8ba410000 - 0x00007ff8ba51b000 	C:\Windows\System32\gdi32full.dll
0x00007ff8ba190000 - 0x00007ff8ba22d000 	C:\Windows\System32\msvcp_win.dll
0x00007ff8bb0d0000 - 0x00007ff8bb100000 	C:\Windows\System32\IMM32.DLL
0x00007ff861e60000 - 0x00007ff861efd000 	C:\Program Files\Android\Android Studio\jre\bin\msvcp140.dll
0x00007ff85ca90000 - 0x00007ff85d55f000 	C:\Program Files\Android\Android Studio\jre\bin\server\jvm.dll
0x00007ff8ba520000 - 0x00007ff8ba5cc000 	C:\Windows\System32\ADVAPI32.dll
0x00007ff8bb030000 - 0x00007ff8bb0cb000 	C:\Windows\System32\sechost.dll
0x00007ff8bbae0000 - 0x00007ff8bbc0a000 	C:\Windows\System32\RPCRT4.dll
0x00007ff8bba50000 - 0x00007ff8bba58000 	C:\Windows\System32\PSAPI.DLL
0x00007ff8929c0000 - 0x00007ff8929c9000 	C:\Windows\SYSTEM32\WSOCK32.dll
0x00007ff8b1a10000 - 0x00007ff8b1a37000 	C:\Windows\SYSTEM32\WINMM.dll
0x00007ff8b2f40000 - 0x00007ff8b2f4a000 	C:\Windows\SYSTEM32\VERSION.dll
0x00007ff8bbf90000 - 0x00007ff8bbffb000 	C:\Windows\System32\WS2_32.dll
0x00007ff8b7ad0000 - 0x00007ff8b7ae2000 	C:\Windows\SYSTEM32\kernel.appcore.dll
0x00007ff8ade40000 - 0x00007ff8ade51000 	C:\Program Files\Android\Android Studio\jre\bin\verify.dll
0x00007ff8b3210000 - 0x00007ff8b33f4000 	C:\Windows\SYSTEM32\DBGHELP.DLL
0x00007ff8a7700000 - 0x00007ff8a772c000 	C:\Windows\SYSTEM32\dbgcore.DLL
0x00007ff8ba230000 - 0x00007ff8ba2b3000 	C:\Windows\System32\bcryptPrimitives.dll
0x00007ff8abbd0000 - 0x00007ff8abbf9000 	C:\Program Files\Android\Android Studio\jre\bin\java.dll
0x00007ff8ade70000 - 0x00007ff8ade7b000 	C:\Program Files\Android\Android Studio\jre\bin\jimage.dll
0x00007ff8ac410000 - 0x00007ff8ac428000 	C:\Program Files\Android\Android Studio\jre\bin\zip.dll
0x00007ff8ba5d0000 - 0x00007ff8bad0f000 	C:\Windows\System32\SHELL32.dll
0x00007ff8b7cd0000 - 0x00007ff8b8460000 	C:\Windows\SYSTEM32\windows.storage.dll
0x00007ff8bb580000 - 0x00007ff8bb8d5000 	C:\Windows\System32\combase.dll
0x00007ff8b9560000 - 0x00007ff8b958e000 	C:\Windows\SYSTEM32\Wldp.dll
0x00007ff8baf80000 - 0x00007ff8bb02d000 	C:\Windows\System32\SHCORE.dll
0x00007ff8bbe60000 - 0x00007ff8bbeb5000 	C:\Windows\System32\shlwapi.dll
0x00007ff8b9b30000 - 0x00007ff8b9b4f000 	C:\Windows\SYSTEM32\profapi.dll
0x00007ff8ab040000 - 0x00007ff8ab05a000 	C:\Program Files\Android\Android Studio\jre\bin\net.dll
0x00007ff8af710000 - 0x00007ff8af81c000 	C:\Windows\SYSTEM32\WINHTTP.dll
0x00007ff8b9340000 - 0x00007ff8b93aa000 	C:\Windows\system32\mswsock.dll
0x00007ff8a9730000 - 0x00007ff8a9744000 	C:\Program Files\Android\Android Studio\jre\bin\nio.dll
0x00007ff8940f0000 - 0x00007ff894117000 	C:\Users\Georgios Barkos\.gradle\native\8bec1ad78214c89d9ad589b4d07fe93259594b29d510b10fafb7a158f7737e5d\windows-amd64\native-platform.dll
0x00007ff884ff0000 - 0x00007ff88512d000 	C:\Users\Georgios Barkos\.gradle\native\53dbd7edfb1c66fb8903c78663c9afc45aea4f116125fa6feffd364cf09443e8\windows-amd64\native-platform-file-events.dll
0x00007ff8ad930000 - 0x00007ff8ad93a000 	C:\Program Files\Android\Android Studio\jre\bin\management.dll
0x00007ff8ad500000 - 0x00007ff8ad50c000 	C:\Program Files\Android\Android Studio\jre\bin\management_ext.dll
0x00007ff8b95a0000 - 0x00007ff8b95b8000 	C:\Windows\SYSTEM32\CRYPTSP.dll
0x00007ff8b8c70000 - 0x00007ff8b8ca4000 	C:\Windows\system32\rsaenh.dll
0x00007ff8b9d80000 - 0x00007ff8b9da7000 	C:\Windows\System32\bcrypt.dll
0x00007ff8b9ab0000 - 0x00007ff8b9ade000 	C:\Windows\SYSTEM32\USERENV.dll
0x00007ff8b94d0000 - 0x00007ff8b94dc000 	C:\Windows\SYSTEM32\CRYPTBASE.dll
0x00007ff8b9000000 - 0x00007ff8b903b000 	C:\Windows\SYSTEM32\IPHLPAPI.DLL
0x00007ff8bbec0000 - 0x00007ff8bbec8000 	C:\Windows\System32\NSI.dll
0x00007ff8b40c0000 - 0x00007ff8b40d7000 	C:\Windows\SYSTEM32\dhcpcsvc6.DLL
0x00007ff8b40a0000 - 0x00007ff8b40bd000 	C:\Windows\SYSTEM32\dhcpcsvc.DLL
0x00007ff8b9050000 - 0x00007ff8b911b000 	C:\Windows\SYSTEM32\DNSAPI.dll

dbghelp: loaded successfully - version: 4.0.5 - missing functions: none
symbol engine: initialized successfully - sym options: 0x614 - pdb path: .;C:\Program Files\Android\Android Studio\jre\bin;C:\Windows\SYSTEM32;C:\Windows\WinSxS\amd64_microsoft.windows.common-controls_6595b64144ccf1df_6.0.19041.1110_none_60b5254171f9507e;C:\Program Files\Android\Android Studio\jre\bin\server;C:\Users\Georgios Barkos\.gradle\native\8bec1ad78214c89d9ad589b4d07fe93259594b29d510b10fafb7a158f7737e5d\windows-amd64;C:\Users\Georgios Barkos\.gradle\native\53dbd7edfb1c66fb8903c78663c9afc45aea4f116125fa6feffd364cf09443e8\windows-amd64

VM Arguments:
jvm_args: --add-opens=java.base/java.util=ALL-UNNAMED --add-opens=java.base/java.lang=ALL-UNNAMED --add-opens=java.base/java.lang.invoke=ALL-UNNAMED --add-opens=java.base/java.util=ALL-UNNAMED --add-opens=java.prefs/java.util.prefs=ALL-UNNAMED --add-opens=java.prefs/java.util.prefs=ALL-UNNAMED --add-opens=java.base/java.nio.charset=ALL-UNNAMED --add-opens=java.base/java.net=ALL-UNNAMED --add-opens=java.base/java.util.concurrent.atomic=ALL-UNNAMED -Xmx2048m -Dfile.encoding=UTF-8 -Duser.country=US -Duser.language=en -Duser.variant 
java_command: org.gradle.launcher.daemon.bootstrap.GradleDaemon 7.0.2
java_class_path (initial): C:\Users\Georgios Barkos\.gradle\wrapper\dists\gradle-7.0.2-bin\857tjihv64xamwrf0h14cai3r\gradle-7.0.2\lib\gradle-launcher-7.0.2.jar
Launcher Type: SUN_STANDARD

[Global flags]
     intx CICompilerCount                          = 12                                        {product} {ergonomic}
     uint ConcGCThreads                            = 3                                         {product} {ergonomic}
     uint G1ConcRefinementThreads                  = 13                                        {product} {ergonomic}
   size_t G1HeapRegionSize                         = 1048576                                   {product} {ergonomic}
    uintx GCDrainStackTargetSize                   = 64                                        {product} {ergonomic}
   size_t InitialHeapSize                          = 268435456                                 {product} {ergonomic}
   size_t MarkStackSize                            = 4194304                                   {product} {ergonomic}
   size_t MaxHeapSize                              = 2147483648                                {product} {command line}
   size_t MaxNewSize                               = 1287651328                                {product} {ergonomic}
   size_t MinHeapDeltaBytes                        = 1048576                                   {product} {ergonomic}
    uintx NonNMethodCodeHeapSize                   = 7594288                                {pd product} {ergonomic}
    uintx NonProfiledCodeHeapSize                  = 122031976                              {pd product} {ergonomic}
    uintx ProfiledCodeHeapSize                     = 122031976                              {pd product} {ergonomic}
    uintx ReservedCodeCacheSize                    = 251658240                              {pd product} {ergonomic}
     bool SegmentedCodeCache                       = true                                      {product} {ergonomic}
     bool UseCompressedClassPointers               = true                                 {lp64_product} {ergonomic}
     bool UseCompressedOops                        = true                                 {lp64_product} {ergonomic}
     bool UseG1GC                                  = true                                      {product} {ergonomic}
     bool UseLargePagesIndividualAllocation        = false                                  {pd product} {ergonomic}

Logging:
Log output configuration:
 #0: stdout all=warning uptime,level,tags
 #1: stderr all=off uptime,level,tags

Environment Variables:
PATH=C:\Program Files (x86)\Common Files\Oracle\Java\javapath;C:\Windows\system32;C:\Windows;C:\Windows\System32\Wbem;C:\Windows\System32\WindowsPowerShell\v1.0\;C:\Windows\System32\OpenSSH\;C:\Program Files\Git\cmd;C:\Program Files\nodejs\;"C:\Windows\system32;C:\Windows;C:\Windows\System32\wbem;";C:\Program Files\MongoDB\Server\5.0\bin;C:\Program Files\Calibre2\;C:\Program Files\Microsoft SQL Server\150\Tools\Binn\;C:\Program Files\Microsoft SQL Server\Client SDK\ODBC\170\Tools\Binn\;C:\Program Files\dotnet\;C:\Program Files\Docker\Docker\resources\bin;C:\ProgramData\DockerDesktop\version-bin;C:\Users\Georgios Barkos\AppData\Local\Microsoft\WindowsApps;C:\Users\Georgios Barkos\AppData\Local\Android\Sdk\platform-tools;C:\Users\Georgios Barkos\AppData\Local\Programs\Microsoft VS Code\bin;C:\Users\Georgios Barkos\AppData\Local\GitHubDesktop\bin;C:\Users\Georgios Barkos\AppData\Roaming\npm;"C:\Windows\system32;C:\Windows;C:\Windows\System32\wbem;";C:\Users\Georgios Barkos\.dotnet\tools
USERNAME=Georgios Barkos
OS=Windows_NT
PROCESSOR_IDENTIFIER=AMD64 Family 23 Model 1 Stepping 1, AuthenticAMD



---------------  S Y S T E M  ---------------

OS: Windows 10 , 64 bit Build 19041 (10.0.19041.1348)
OS uptime: 2 days 7:29 hours
Hyper-V role detected

CPU:total 16 (initial active 16) (16 cores per cpu, 2 threads per core) family 23 model 1 stepping 1 microcode 0x0, cmov, cx8, fxsr, mmx, sse, sse2, sse3, ssse3, sse4.1, sse4.2, popcnt, avx, avx2, aes, clmul, mmxext, 3dnowpref, lzcnt, sse4a, ht, tsc, tscinvbit, tscinv, bmi1, bmi2, adx, s

Memory: 4k page, system-wide physical 16331M (4787M free)
TotalPageFile size 30155M (AvailPageFile size 11087M)
current process WorkingSet (physical memory assigned to process): 345M, peak: 353M
current process commit charge ("private bytes"): 494M, peak: 503M

vm_info: OpenJDK 64-Bit Server VM (11.0.10+0-b96-7249189) for windows-amd64 JRE (11.0.10+0-b96-7249189), built on Mar 31 2021 21:44:00 by "builder" with MS VC++ 14.0 (VS2015)

END.
